Warning message:
package ‘optparse’ was built under R version 3.6.1 
YES: picante was succesfully installed and loaded!
YES: ggplot2 was succesfully installed and loaded!
YES: ecodist was succesfully installed and loaded!
####################START: Fri Dec 10 17:47:17 2021 ####################
[1] FALSE
[1] "Dropping tips from the tree because they are not present in the data:"
   [1] "OTU_4210" "OTU_4893" "OTU_4965" "OTU_2201" "OTU_5139" "OTU_1501"
   [7] "OTU_1737" "OTU_2667" "OTU_3745" "OTU_4870" "OTU_5445" "OTU_4806"
  [13] "OTU_1759" "OTU_5363" "OTU_716"  "OTU_4058" "OTU_2343" "OTU_2928"
  [19] "OTU_4782" "OTU_2078" "OTU_1587" "OTU_2286" "OTU_5450" "OTU_1231"
  [25] "OTU_1615" "OTU_2062" "OTU_896"  "OTU_2556" "OTU_1789" "OTU_2859"
  [31] "OTU_2684" "OTU_4071" "OTU_2855" "OTU_1609" "OTU_3273" "OTU_2890"
  [37] "OTU_4989" "OTU_4451" "OTU_4838" "OTU_1882" "OTU_2155" "OTU_2838"
  [43] "OTU_1785" "OTU_2689" "OTU_2850" "OTU_2551" "OTU_3194" "OTU_2863"
  [49] "OTU_2569" "OTU_3346" "OTU_2191" "OTU_4839" "OTU_3502" "OTU_4816"
  [55] "OTU_2729" "OTU_1292" "OTU_2879" "OTU_1616" "OTU_2539" "OTU_2282"
  [61] "OTU_2448" "OTU_630"  "OTU_2083" "OTU_3360" "OTU_3708" "OTU_2161"
  [67] "OTU_3107" "OTU_1872" "OTU_845"  "OTU_510"  "OTU_1252" "OTU_3340"
  [73] "OTU_2714" "OTU_2634" "OTU_2713" "OTU_2960" "OTU_5038" "OTU_795" 
  [79] "OTU_2867" "OTU_3682" "OTU_4006" "OTU_2718" "OTU_3681" "OTU_1364"
  [85] "OTU_2572" "OTU_814"  "OTU_4024" "OTU_4888" "OTU_4393" "OTU_4947"
  [91] "OTU_2801" "OTU_2513" "OTU_2888" "OTU_1974" "OTU_3412" "OTU_1591"
  [97] "OTU_4064" "OTU_2117" "OTU_4138" "OTU_5504" "OTU_1288" "OTU_1122"
 [103] "OTU_4154" "OTU_2456" "OTU_2593" "OTU_1806" "OTU_1924" "OTU_1190"
 [109] "OTU_4159" "OTU_762"  "OTU_1756" "OTU_3761" "OTU_4779" "OTU_1405"
 [115] "OTU_2527" "OTU_2605" "OTU_2814" "OTU_1336" "OTU_2374" "OTU_3332"
 [121] "OTU_2098" "OTU_2640" "OTU_4402" "OTU_1028" "OTU_2142" "OTU_654" 
 [127] "OTU_4585" "OTU_2383" "OTU_2164" "OTU_1671" "OTU_511"  "OTU_4597"
 [133] "OTU_1082" "OTU_2805" "OTU_2107" "OTU_4772" "OTU_3524" "OTU_1211"
 [139] "OTU_1606" "OTU_2630" "OTU_2657" "OTU_3176" "OTU_2915" "OTU_3964"
 [145] "OTU_1735" "OTU_3775" "OTU_3537" "OTU_1850" "OTU_2499" "OTU_781" 
 [151] "OTU_4744" "OTU_5006" "OTU_4222" "OTU_4835" "OTU_3351" "OTU_3335"
 [157] "OTU_3427" "OTU_734"  "OTU_4897" "OTU_2852" "OTU_5479" "OTU_2310"
 [163] "OTU_4576" "OTU_2882" "OTU_1018" "OTU_873"  "OTU_4545" "OTU_3760"
 [169] "OTU_3064" "OTU_3134" "OTU_1566" "OTU_2619" "OTU_787"  "OTU_3220"
 [175] "OTU_5474" "OTU_1512" "OTU_4474" "OTU_3401" "OTU_3600" "OTU_1686"
 [181] "OTU_1191" "OTU_3183" "OTU_3693" "OTU_2125" "OTU_1998" "OTU_1881"
 [187] "OTU_2603" "OTU_4522" "OTU_2408" "OTU_2172" "OTU_2004" "OTU_3348"
 [193] "OTU_992"  "OTU_664"  "OTU_5405" "OTU_3172" "OTU_1476" "OTU_2332"
 [199] "OTU_4728" "OTU_682"  "OTU_1645" "OTU_3945" "OTU_4104" "OTU_1302"
 [205] "OTU_2353" "OTU_2978" "OTU_2223" "OTU_3067" "OTU_4502" "OTU_2162"
 [211] "OTU_2825" "OTU_3147" "OTU_2061" "OTU_1659" "OTU_3959" "OTU_1061"
 [217] "OTU_4435" "OTU_3973" "OTU_1446" "OTU_5171" "OTU_819"  "OTU_528" 
 [223] "OTU_934"  "OTU_653"  "OTU_3912" "OTU_715"  "OTU_2482" "OTU_1673"
 [229] "OTU_2771" "OTU_3859" "OTU_4418" "OTU_3605" "OTU_2503" "OTU_3836"
 [235] "OTU_772"  "OTU_2212" "OTU_2184" "OTU_627"  "OTU_4823" "OTU_713" 
 [241] "OTU_1980" "OTU_4672" "OTU_776"  "OTU_1586" "OTU_650"  "OTU_3541"
 [247] "OTU_3367" "OTU_3358" "OTU_1894" "OTU_2379" "OTU_3146" "OTU_4068"
 [253] "OTU_2302" "OTU_1319" "OTU_672"  "OTU_3844" "OTU_4705" "OTU_1436"
 [259] "OTU_892"  "OTU_5396" "OTU_552"  "OTU_1780" "OTU_1120" "OTU_4207"
 [265] "OTU_3522" "OTU_3875" "OTU_1744" "OTU_1037" "OTU_5222" "OTU_1787"
 [271] "OTU_5048" "OTU_5009" "OTU_3115" "OTU_1598" "OTU_2473" "OTU_1888"
 [277] "OTU_3483" "OTU_1544" "OTU_679"  "OTU_1048" "OTU_1902" "OTU_1917"
 [283] "OTU_2128" "OTU_829"  "OTU_3391" "OTU_4289" "OTU_1138" "OTU_4496"
 [289] "OTU_4278" "OTU_1236" "OTU_2257" "OTU_2288" "OTU_4936" "OTU_3443"
 [295] "OTU_4258" "OTU_2132" "OTU_3470" "OTU_1721" "OTU_628"  "OTU_5302"
 [301] "OTU_2540" "OTU_2554" "OTU_3631" "OTU_826"  "OTU_4105" "OTU_4465"
 [307] "OTU_2156" "OTU_2131" "OTU_4819" "OTU_1987" "OTU_2019" "OTU_3148"
 [313] "OTU_1156" "OTU_1115" "OTU_3145" "OTU_1797" "OTU_590"  "OTU_2024"
 [319] "OTU_3829" "OTU_2504" "OTU_3864" "OTU_4617" "OTU_943"  "OTU_1024"
 [325] "OTU_4931" "OTU_865"  "OTU_1459" "OTU_3451" "OTU_2140" "OTU_2096"
 [331] "OTU_707"  "OTU_1529" "OTU_2179" "OTU_2535" "OTU_3622" "OTU_808" 
 [337] "OTU_4569" "OTU_661"  "OTU_907"  "OTU_1520" "OTU_2824" "OTU_3328"
 [343] "OTU_4415" "OTU_3493" "OTU_559"  "OTU_4135" "OTU_1765" "OTU_1513"
 [349] "OTU_1320" "OTU_4562" "OTU_4147" "OTU_642"  "OTU_4765" "OTU_2837"
 [355] "OTU_1944" "OTU_1576" "OTU_1541" "OTU_2320" "OTU_1434" "OTU_1281"
 [361] "OTU_4302" "OTU_1349" "OTU_2893" "OTU_3235" "OTU_4534" "OTU_4948"
 [367] "OTU_1495" "OTU_5442" "OTU_1528" "OTU_1467" "OTU_4817" "OTU_1291"
 [373] "OTU_3062" "OTU_2323" "OTU_2489" "OTU_1946" "OTU_2391" "OTU_1823"
 [379] "OTU_1854" "OTU_2948" "OTU_3168" "OTU_973"  "OTU_4845" "OTU_1684"
 [385] "OTU_2709" "OTU_1508" "OTU_3021" "OTU_3592" "OTU_662"  "OTU_5444"
 [391] "OTU_2021" "OTU_1158" "OTU_1833" "OTU_697"  "OTU_1807" "OTU_5004"
 [397] "OTU_2106" "OTU_2174" "OTU_2306" "OTU_4962" "OTU_975"  "OTU_1232"
 [403] "OTU_3549" "OTU_637"  "OTU_1817" "OTU_1514" "OTU_747"  "OTU_4044"
 [409] "OTU_4531" "OTU_5308" "OTU_2494" "OTU_3378" "OTU_1440" "OTU_2203"
 [415] "OTU_1622" "OTU_5273" "OTU_1884" "OTU_910"  "OTU_1771" "OTU_915" 
 [421] "OTU_5083" "OTU_2486" "OTU_1162" "OTU_4388" "OTU_2425" "OTU_4192"
 [427] "OTU_3384" "OTU_4803" "OTU_4902" "OTU_4265" "OTU_3968" "OTU_3555"
 [433] "OTU_2115" "OTU_1644" "OTU_5089" "OTU_1621" "OTU_871"  "OTU_2496"
 [439] "OTU_2862" "OTU_3323" "OTU_1017" "OTU_2233" "OTU_3271" "OTU_1631"
 [445] "OTU_5213" "OTU_1447" "OTU_1165" "OTU_5106" "OTU_4625" "OTU_5435"
 [451] "OTU_5369" "OTU_4013" "OTU_2722" "OTU_3515" "OTU_1350" "OTU_2772"
 [457] "OTU_2712" "OTU_3832" "OTU_2136" "OTU_2176" "OTU_4362" "OTU_1307"
 [463] "OTU_876"  "OTU_1139" "OTU_1035" "OTU_922"  "OTU_4637" "OTU_4955"
 [469] "OTU_2562" "OTU_3103" "OTU_3586" "OTU_5153" "OTU_4613" "OTU_4092"
 [475] "OTU_4484" "OTU_1117" "OTU_1172" "OTU_2309" "OTU_2490" "OTU_4136"
 [481] "OTU_2794" "OTU_4846" "OTU_745"  "OTU_4190" "OTU_1402" "OTU_1490"
 [487] "OTU_703"  "OTU_1783" "OTU_4285" "OTU_2026" "OTU_4015" "OTU_2904"
 [493] "OTU_717"  "OTU_4599" "OTU_3245" "OTU_3329" "OTU_882"  "OTU_4338"
 [499] "OTU_726"  "OTU_2917" "OTU_4548" "OTU_4799" "OTU_2294" "OTU_3094"
 [505] "OTU_562"  "OTU_3792" "OTU_1585" "OTU_4555" "OTU_3881" "OTU_3390"
 [511] "OTU_5263" "OTU_4366" "OTU_3664" "OTU_3754" "OTU_1333" "OTU_3185"
 [517] "OTU_4552" "OTU_5184" "OTU_3462" "OTU_2787" "OTU_2104" "OTU_1870"
 [523] "OTU_2624" "OTU_3771" "OTU_1422" "OTU_2728" "OTU_3508" "OTU_2272"
 [529] "OTU_2841" "OTU_5378" "OTU_4275" "OTU_595"  "OTU_515"  "OTU_1564"
 [535] "OTU_2999" "OTU_5288" "OTU_4150" "OTU_1006" "OTU_2761" "OTU_2044"
 [541] "OTU_4448" "OTU_2103" "OTU_666"  "OTU_2120" "OTU_3695" "OTU_1509"
 [547] "OTU_1448" "OTU_5052" "OTU_5453" "OTU_2135" "OTU_4023" "OTU_2264"
 [553] "OTU_978"  "OTU_4992" "OTU_4129" "OTU_962"  "OTU_3126" "OTU_4974"
 [559] "OTU_5497" "OTU_4664" "OTU_542"  "OTU_2896" "OTU_3473" "OTU_3288"
 [565] "OTU_4394" "OTU_4872" "OTU_2895" "OTU_3983" "OTU_4361" "OTU_4291"
 [571] "OTU_3218" "OTU_4481" "OTU_5328" "OTU_1074" "OTU_5469" "OTU_4286"
 [577] "OTU_720"  "OTU_4747" "OTU_1706" "OTU_2830" "OTU_2669" "OTU_5078"
 [583] "OTU_858"  "OTU_1911" "OTU_4043" "OTU_3010" "OTU_3430" "OTU_935" 
 [589] "OTU_3719" "OTU_5116" "OTU_1867" "OTU_3825" "OTU_2720" "OTU_2675"
 [595] "OTU_995"  "OTU_1945" "OTU_4785" "OTU_2378" "OTU_601"  "OTU_2638"
 [601] "OTU_2662" "OTU_1314" "OTU_2543" "OTU_3039" "OTU_2949" "OTU_678" 
 [607] "OTU_941"  "OTU_2828" "OTU_5514" "OTU_5215" "OTU_4796" "OTU_2400"
 [613] "OTU_2817" "OTU_5097" "OTU_1393" "OTU_3688" "OTU_2641" "OTU_2361"
 [619] "OTU_5121" "OTU_1368" "OTU_4533" "OTU_2495" "OTU_4977" "OTU_2480"
 [625] "OTU_1351" "OTU_4211" "OTU_2793" "OTU_3925" "OTU_4560" "OTU_5491"
 [631] "OTU_4756" "OTU_5075" "OTU_2786" "OTU_3110" "OTU_2537" "OTU_3540"
 [637] "OTU_1101" "OTU_4651" "OTU_3484" "OTU_4368" "OTU_984"  "OTU_4561"
 [643] "OTU_4631" "OTU_1025" "OTU_4840" "OTU_4360" "OTU_3421" "OTU_1367"
 [649] "OTU_1094" "OTU_3000" "OTU_3773" "OTU_669"  "OTU_2289" "OTU_1116"
 [655] "OTU_1207" "OTU_3750" "OTU_5372" "OTU_4349" "OTU_1657" "OTU_1779"
 [661] "OTU_4538" "OTU_2314" "OTU_2876" "OTU_4738" "OTU_3902" "OTU_4862"
 [667] "OTU_1274" "OTU_3276" "OTU_993"  "OTU_3969" "OTU_711"  "OTU_1131"
 [673] "OTU_4323" "OTU_1425" "OTU_5291" "OTU_5219" "OTU_3131" "OTU_3404"
 [679] "OTU_5114" "OTU_989"  "OTU_3297" "OTU_2324" "OTU_5071" "OTU_1287"
 [685] "OTU_634"  "OTU_2708" "OTU_4820" "OTU_2676" "OTU_1933" "OTU_1050"
 [691] "OTU_5358" "OTU_1398" "OTU_2217" "OTU_3892" "OTU_827"  "OTU_1040"
 [697] "OTU_1454" "OTU_4858" "OTU_1930" "OTU_1352" "OTU_1664" "OTU_1047"
 [703] "OTU_1000" "OTU_1638" "OTU_1624" "OTU_3108" "OTU_1406" "OTU_2524"
 [709] "OTU_3715" "OTU_2869" "OTU_3191" "OTU_4924" "OTU_2633" "OTU_2492"
 [715] "OTU_4857" "OTU_3454" "OTU_2737" "OTU_2739" "OTU_1136" "OTU_3065"
 [721] "OTU_3901" "OTU_4434" "OTU_1255" "OTU_4706" "OTU_1725" "OTU_3293"
 [727] "OTU_3098" "OTU_1583" "OTU_5002" "OTU_1044" "OTU_1837" "OTU_1126"
 [733] "OTU_5064" "OTU_2894" "OTU_729"  "OTU_883"  "OTU_2071" "OTU_583" 
 [739] "OTU_1782" "OTU_2449" "OTU_5304" "OTU_3306" "OTU_3450" "OTU_749" 
 [745] "OTU_2139" "OTU_1913" "OTU_3616" "OTU_1213" "OTU_3564" "OTU_536" 
 [751] "OTU_3521" "OTU_5115" "OTU_1742" "OTU_1056" "OTU_1665" "OTU_5062"
 [757] "OTU_622"  "OTU_846"  "OTU_3479" "OTU_2007" "OTU_2613" "OTU_4600"
 [763] "OTU_2741" "OTU_2570" "OTU_2269" "OTU_1015" "OTU_1713" "OTU_1073"
 [769] "OTU_2326" "OTU_2051" "OTU_1388" "OTU_2163" "OTU_2798" "OTU_3720"
 [775] "OTU_2012" "OTU_2334" "OTU_2515" "OTU_1205" "OTU_3886" "OTU_674" 
 [781] "OTU_1322" "OTU_5390" "OTU_4127" "OTU_1184" "OTU_809"  "OTU_2189"
 [787] "OTU_1816" "OTU_748"  "OTU_4904" "OTU_2185" "OTU_1634" "OTU_2883"
 [793] "OTU_1163" "OTU_1078" "OTU_4851" "OTU_596"  "OTU_1384" "OTU_778" 
 [799] "OTU_2005" "OTU_1030" "OTU_4206" "OTU_1614" "OTU_1039" "OTU_618" 
 [805] "OTU_3471" "OTU_1774" "OTU_5170" "OTU_3730" "OTU_3444" "OTU_2002"
 [811] "OTU_3213" "OTU_3198" "OTU_1545" "OTU_1273" "OTU_4205" "OTU_1707"
 [817] "OTU_5086" "OTU_1589" "OTU_2421" "OTU_4800" "OTU_4797" "OTU_5095"
 [823] "OTU_2604" "OTU_5249" "OTU_1703" "OTU_3201" "OTU_4088" "OTU_1103"
 [829] "OTU_621"  "OTU_4762" "OTU_1433" "OTU_1942" "OTU_4074" "OTU_3658"
 [835] "OTU_4119" "OTU_5258" "OTU_4453" "OTU_3083" "OTU_4203" "OTU_2650"
 [841] "OTU_3696" "OTU_2918" "OTU_1651" "OTU_3078" "OTU_3525" "OTU_1199"
 [847] "OTU_1950" "OTU_4365" "OTU_3562" "OTU_3331" "OTU_1089" "OTU_3113"
 [853] "OTU_1215" "OTU_1966" "OTU_2703" "OTU_4477" "OTU_2392" "OTU_1968"
 [859] "OTU_2534" "OTU_824"  "OTU_3621" "OTU_613"  "OTU_5503" "OTU_4550"
 [865] "OTU_4440" "OTU_3648" "OTU_3784" "OTU_5134" "OTU_5506" "OTU_3637"
 [871] "OTU_3651" "OTU_4620" "OTU_4929" "OTU_2380" "OTU_4519" "OTU_3279"
 [877] "OTU_2368" "OTU_3457" "OTU_680"  "OTU_5254" "OTU_1510" "OTU_3597"
 [883] "OTU_1695" "OTU_2360" "OTU_566"  "OTU_3435" "OTU_878"  "OTU_3599"
 [889] "OTU_632"  "OTU_813"  "OTU_3928" "OTU_3991" "OTU_994"  "OTU_3472"
 [895] "OTU_2362" "OTU_2243" "OTU_4860" "OTU_1343" "OTU_5198" "OTU_1694"
 [901] "OTU_3737" "OTU_5463" "OTU_5461" "OTU_3223" "OTU_540"  "OTU_2767"
 [907] "OTU_1144" "OTU_2127" "OTU_2322" "OTU_4830" "OTU_4315" "OTU_2723"
 [913] "OTU_4789" "OTU_4969" "OTU_2328" "OTU_4913" "OTU_5248" "OTU_3905"
 [919] "OTU_1788" "OTU_2046" "OTU_966"  "OTU_3846" "OTU_2526" "OTU_3611"
 [925] "OTU_3325" "OTU_3948" "OTU_1400" "OTU_5101" "OTU_3290" "OTU_5452"
 [931] "OTU_4805" "OTU_3772" "OTU_3567" "OTU_1896" "OTU_2285" "OTU_3369"
 [937] "OTU_2296" "OTU_5208" "OTU_4627" "OTU_2731" "OTU_695"  "OTU_2167"
 [943] "OTU_4077" "OTU_3381" "OTU_3976" "OTU_5464" "OTU_3074" "OTU_2065"
 [949] "OTU_658"  "OTU_4227" "OTU_3032" "OTU_5507" "OTU_1330" "OTU_3089"
 [955] "OTU_2284" "OTU_2364" "OTU_3539" "OTU_4158" "OTU_3982" "OTU_5386"
 [961] "OTU_2875" "OTU_3566" "OTU_4570" "OTU_3241" "OTU_3215" "OTU_2590"
 [967] "OTU_1180" "OTU_3779" "OTU_3793" "OTU_1593" "OTU_2050" "OTU_2644"
 [973] "OTU_3576" "OTU_5305" "OTU_2476" "OTU_2733" "OTU_2000" "OTU_3441"
 [979] "OTU_4177" "OTU_2053" "OTU_1500" "OTU_3077" "OTU_1133" "OTU_4543"
 [985] "OTU_1847" "OTU_2049" "OTU_5107" "OTU_2394" "OTU_614"  "OTU_2799"
 [991] "OTU_909"  "OTU_2247" "OTU_2940" "OTU_3170" "OTU_1865" "OTU_1265"
 [997] "OTU_832"  "OTU_3242" "OTU_4460" "OTU_2628" "OTU_2511" "OTU_1732"
[1003] "OTU_1198" "OTU_1421" "OTU_3407" "OTU_2930" "OTU_1264" "OTU_2464"
[1009] "OTU_1853" "OTU_3732" "OTU_620"  "OTU_3181" "OTU_1999" "OTU_3275"
[1015] "OTU_1125" "OTU_2149" "OTU_1295" "OTU_1477" "OTU_733"  "OTU_1357"
[1021] "OTU_3469" "OTU_2809" "OTU_4500" "OTU_1299" "OTU_5240" "OTU_2234"
[1027] "OTU_5030" "OTU_5090" "OTU_3530" "OTU_1610" "OTU_1997" "OTU_4149"
[1033] "OTU_3977" "OTU_1676" "OTU_4802" "OTU_3248" "OTU_2621" "OTU_2655"
[1039] "OTU_2783" "OTU_1996" "OTU_2020" "OTU_4199" "OTU_2426" "OTU_3869"
[1045] "OTU_1922" "OTU_1240" "OTU_2307" "OTU_4646" "OTU_1813" "OTU_2663"
[1051] "OTU_2974" "OTU_2885" "OTU_2687" "OTU_3612" "OTU_1798" "OTU_564" 
[1057] "OTU_5284" "OTU_3547" "OTU_5380" "OTU_5320" "OTU_4245" "OTU_4325"
[1063] "OTU_3031" "OTU_890"  "OTU_2414" "OTU_2455" "OTU_917"  "OTU_4958"
[1069] "OTU_5404" "OTU_3557" "OTU_3073" "OTU_4511" "OTU_5437" "OTU_4002"
[1075] "OTU_3453" "OTU_4414" "OTU_2313" "OTU_4010" "OTU_1900" "OTU_4854"
[1081] "OTU_4063" "OTU_3084" "OTU_4489" "OTU_640"  "OTU_5073" "OTU_1667"
[1087] "OTU_5164" "OTU_531"  "OTU_3410" "OTU_3578" "OTU_4345" "OTU_2792"
[1093] "OTU_1419" "OTU_4915" "OTU_4758" "OTU_1502" "OTU_5278" "OTU_1840"
[1099] "OTU_4269" "OTU_5400" "OTU_3807" "OTU_4508" "OTU_5347" "OTU_5485"
[1105] "OTU_2087" "OTU_3313" "OTU_2154" "OTU_4981" "OTU_2571" "OTU_2529"
[1111] "OTU_1934" "OTU_3885" "OTU_1272" "OTU_3393" "OTU_3005" "OTU_1921"
[1117] "OTU_2497" "OTU_3014" "OTU_3636" "OTU_3563" "OTU_2255" "OTU_4373"
[1123] "OTU_4007" "OTU_5393" "OTU_3548" "OTU_4515" "OTU_4493" "OTU_4521"
[1129] "OTU_4454" "OTU_3890" "OTU_3190" "OTU_3710" "OTU_5361" "OTU_3379"
[1135] "OTU_2097" "OTU_2889" "OTU_3978" "OTU_2769" "OTU_2636" "OTU_4283"
[1141] "OTU_2853" "OTU_1324" "OTU_3353" "OTU_1604" "OTU_3321" "OTU_3965"
[1147] "OTU_4583" "OTU_2418" "OTU_3100" "OTU_3495" "OTU_3018" "OTU_5123"
[1153] "OTU_1527" "OTU_3713" "OTU_3958" "OTU_796"  "OTU_1005" "OTU_4578"
[1159] "OTU_1329" "OTU_2717" "OTU_2558" "OTU_2966" "OTU_3486" "OTU_3231"
[1165] "OTU_3770" "OTU_1571" "OTU_4319" "OTU_4069" "OTU_4094" "OTU_3206"
[1171] "OTU_4196" "OTU_3734" "OTU_5244" "OTU_3534" "OTU_4216" "OTU_2891"
[1177] "OTU_3354" "OTU_3816" "OTU_5142" "OTU_2491" "OTU_4364" "OTU_5024"
[1183] "OTU_5035" "OTU_5301" "OTU_783"  "OTU_2982" "OTU_545"  "OTU_1059"
[1189] "OTU_4934" "OTU_3638" "OTU_2485" "OTU_572"  "OTU_3987" "OTU_1118"
[1195] "OTU_3482" "OTU_1408" "OTU_5477" "OTU_779"  "OTU_1627" "OTU_1486"
[1201] "OTU_4856" "OTU_3339" "OTU_3503" "OTU_1628" "OTU_1575" "OTU_1141"
[1207] "OTU_3962" "OTU_1763" "OTU_3162" "OTU_3239" "OTU_2842" "OTU_2548"
[1213] "OTU_1195" "OTU_2063" "OTU_4016" "OTU_2673" "OTU_2359" "OTU_1494"
[1219] "OTU_2401" "OTU_1848" "OTU_5309" "OTU_3787" "OTU_4582" "OTU_4431"
[1225] "OTU_5426" "OTU_5329" "OTU_5247" "OTU_4883" "OTU_2897" "OTU_3817"
[1231] "OTU_5065" "OTU_2297" "OTU_3872" "OTU_4647" "OTU_4219" "OTU_4689"
[1237] "OTU_2318" "OTU_3284" "OTU_2749" "OTU_5306" "OTU_1102" "OTU_1294"
[1243] "OTU_5394" "OTU_2800" "OTU_3257" "OTU_2347" "OTU_3926" "OTU_4741"
[1249] "OTU_4951" "OTU_1461" "OTU_2458" "OTU_3187" "OTU_1733" "OTU_1581"
[1255] "OTU_3655" "OTU_3036" "OTU_3251" "OTU_4209" "OTU_3003" "OTU_5058"
[1261] "OTU_1829" "OTU_2945" "OTU_3186" "OTU_2861" "OTU_5131" "OTU_1340"
[1267] "OTU_2252" "OTU_3382" "OTU_2261" "OTU_1755" "OTU_3071" "OTU_3952"
[1273] "OTU_2472" "OTU_1864" "OTU_1993" "OTU_1342" "OTU_1107" "OTU_5077"
[1279] "OTU_2695" "OTU_3322" "OTU_3150" "OTU_2881" "OTU_2237" "OTU_2040"
[1285] "OTU_2099" "OTU_3723" "OTU_848"  "OTU_3316" "OTU_2254" "OTU_3789"
[1291] "OTU_1795" "OTU_4232" "OTU_2119" "OTU_1554" "OTU_1250" "OTU_2114"
[1297] "OTU_3584" "OTU_2653" "OTU_569"  "OTU_1480" "OTU_1219" "OTU_1969"
[1303] "OTU_2086" "OTU_1359" "OTU_1648" "OTU_3788" "OTU_850"  "OTU_1217"
[1309] "OTU_1784" "OTU_2598" "OTU_1978" "OTU_1218" "OTU_3573" "OTU_1106"
[1315] "OTU_2239" "OTU_4475" "OTU_2961" "OTU_3002" "OTU_3375" "OTU_1243"
[1321] "OTU_2222" "OTU_1895" "OTU_2566" "OTU_4751" "OTU_1279" "OTU_998" 
[1327] "OTU_2102" "OTU_1169" "OTU_4815" "OTU_5230" "OTU_2751" "OTU_4035"
[1333] "OTU_5340" "OTU_3017" "OTU_2509" "OTU_4626" "OTU_3707" "OTU_2997"
[1339] "OTU_3955" "OTU_2637" "OTU_4649" "OTU_3545" "OTU_4168" "OTU_3338"
[1345] "OTU_605"  "OTU_4809" "OTU_1639" "OTU_5057" "OTU_3057" "OTU_1385"
[1351] "OTU_4155" "OTU_3608" "OTU_3357" "OTU_3087" "OTU_1776" "OTU_1505"
[1357] "OTU_961"  "OTU_4586" "OTU_3821" "OTU_4899" "OTU_689"  "OTU_1060"
[1363] "OTU_1148" "OTU_1363" "OTU_4920" "OTU_4587" "OTU_3624" "OTU_4694"
[1369] "OTU_4028" "OTU_4290" "OTU_1752" "OTU_1443" "OTU_1793" "OTU_2433"
[1375] "OTU_3244" "OTU_1325" "OTU_509"  "OTU_1046" "OTU_4544" "OTU_3274"
[1381] "OTU_946"  "OTU_1716" "OTU_1058" "OTU_1313" "OTU_3217" "OTU_1953"
[1387] "OTU_3216" "OTU_1531" "OTU_1063" "OTU_2697" "OTU_2057" "OTU_4504"
[1393] "OTU_3047" "OTU_5401" "OTU_2953" "OTU_5146" "OTU_3766" "OTU_3956"
[1399] "OTU_5367" "OTU_4008" "OTU_3803" "OTU_2664" "OTU_3774" "OTU_5229"
[1405] "OTU_1700" "OTU_2411" "OTU_2944" "OTU_2198" "OTU_784"  "OTU_3028"
[1411] "OTU_2858" "OTU_5087" "OTU_4487" "OTU_950"  "OTU_3994" "OTU_1961"
[1417] "OTU_4682" "OTU_2931" "OTU_3056" "OTU_5381" "OTU_4145" "OTU_5257"
[1423] "OTU_3310" "OTU_2755" "OTU_2512" "OTU_1603" "OTU_2428" "OTU_3258"
[1429] "OTU_4864" "OTU_2887" "OTU_4752" "OTU_1746" "OTU_4932" "OTU_1124"
[1435] "OTU_2995" "OTU_645"  "OTU_1263" "OTU_1474" "OTU_1072" "OTU_3843"
[1441] "OTU_3464" "OTU_1179" "OTU_4123" "OTU_3046" "OTU_3568" "OTU_2652"
[1447] "OTU_4905" "OTU_3277" "OTU_4078" "OTU_5125" "OTU_2700" "OTU_1568"
[1453] "OTU_1955" "OTU_1914" "OTU_5041" "OTU_788"  "OTU_1328" "OTU_3397"
[1459] "OTU_2213" "OTU_2774" "OTU_4609" "OTU_3417" "OTU_4208" "OTU_2902"
[1465] "OTU_1683" "OTU_522"  "OTU_5517" "OTU_2244" "OTU_4089" "OTU_3672"
[1471] "OTU_5330" "OTU_4025" "OTU_604"  "OTU_2095" "OTU_3690" "OTU_1928"
[1477] "OTU_4532" "OTU_2784" "OTU_5413" "OTU_1485" "OTU_3069" "OTU_3981"
[1483] "OTU_2321" "OTU_1289" "OTU_4849" "OTU_1233" "OTU_1435" "OTU_2221"
[1489] "OTU_2373" "OTU_3124" "OTU_4964" "OTU_2679" "OTU_4987" "OTU_4330"
[1495] "OTU_919"  "OTU_1893" "OTU_2969" "OTU_3465" "OTU_2454" "OTU_4059"
[1501] "OTU_1450" "OTU_4108" "OTU_3456" "OTU_3406" "OTU_2152" "OTU_4472"
[1507] "OTU_1326" "OTU_1489" "OTU_1941" "OTU_4049" "OTU_3504" "OTU_828" 
[1513] "OTU_1825" "OTU_655"  "OTU_3063" "OTU_5292" "OTU_5042" "OTU_3221"
[1519] "OTU_1001" "OTU_5192" "OTU_3528" "OTU_1858" "OTU_2292" "OTU_2642"
[1525] "OTU_3910" "OTU_4259" "OTU_1794" "OTU_2625" "OTU_2803" "OTU_5203"
[1531] "OTU_2076" "OTU_1161" "OTU_960"  "OTU_4233" "OTU_2315" "OTU_4223"
[1537] "OTU_3136" "OTU_1824" "OTU_1515" "OTU_546"  "OTU_3040" "OTU_1919"
[1543] "OTU_4927" "OTU_3312" "OTU_1285" "OTU_2682" "OTU_1844" "OTU_2054"
[1549] "OTU_1151" "OTU_4096" "OTU_5060" "OTU_1973" "OTU_5271" "OTU_4327"
[1555] "OTU_4659" "OTU_2319" "OTU_3019" "OTU_2251" "OTU_5043" "OTU_1411"
[1561] "OTU_3282" "OTU_1212" "OTU_1899" "OTU_3704" "OTU_4804" "OTU_2229"
[1567] "OTU_2267" "OTU_2622" "OTU_2246" "OTU_739"  "OTU_4067" "OTU_1754"
[1573] "OTU_4876" "OTU_2168" "OTU_2091" "OTU_1470" "OTU_5471" "OTU_4998"
[1579] "OTU_1496" "OTU_3496" "OTU_4818" "OTU_643"  "OTU_3628" "OTU_4242"
[1585] "OTU_3546" "OTU_2988" "OTU_4975" "OTU_997"  "OTU_3915" "OTU_2592"
[1591] "OTU_5000" "OTU_2290" "OTU_4615" "OTU_2972" "OTU_677"  "OTU_5218"
[1597] "OTU_3336" "OTU_3590" "OTU_1417" "OTU_1067" "OTU_964"  "OTU_2471"
[1603] "OTU_3054" "OTU_4180" "OTU_3794" "OTU_3731" "OTU_3904" "OTU_4137"
[1609] "OTU_1559" "OTU_1625" "OTU_1468" "OTU_1907" "OTU_3833" "OTU_2393"
[1615] "OTU_4111" "OTU_2719" "OTU_4530" "OTU_5383" "OTU_5122" "OTU_526" 
[1621] "OTU_956"  "OTU_3661" "OTU_2465" "OTU_1937" "OTU_4359" "OTU_2826"
[1627] "OTU_1386" "OTU_2692" "OTU_1104" "OTU_4565" "OTU_1768" "OTU_5197"
[1633] "OTU_4551" "OTU_2484" "OTU_4445" "OTU_2849" "OTU_1595" "OTU_4167"
[1639] "OTU_5384" "OTU_501"  "OTU_5269" "OTU_2175" "OTU_4478" "OTU_2032"
[1645] "OTU_3399" "OTU_3979" "OTU_1437" "OTU_721"  "OTU_1092" "OTU_1855"
[1651] "OTU_4255" "OTU_1994" "OTU_3403" "OTU_1306" "OTU_1958" "OTU_1929"
[1657] "OTU_763"  "OTU_2253" "OTU_1478" "OTU_3026" "OTU_4704" "OTU_5515"
[1663] "OTU_820"  "OTU_4978" "OTU_1956" "OTU_2941" "OTU_3868" "OTU_3862"
[1669] "OTU_3532" "OTU_676"  "OTU_2028" "OTU_5227" "OTU_1159" "OTU_2010"
[1675] "OTU_2612" "OTU_2678" "OTU_1681" "OTU_1099" "OTU_4553" "OTU_1562"
[1681] "OTU_4666" "OTU_1460" "OTU_3214" "OTU_794"  "OTU_756"  "OTU_2100"
[1687] "OTU_870"  "OTU_3510" "OTU_670"  "OTU_1574" "OTU_2727" "OTU_2231"
[1693] "OTU_2424" "OTU_736"  "OTU_1312" "OTU_4886" "OTU_5165" "OTU_768" 
[1699] "OTU_940"  "OTU_2437" "OTU_1075" "OTU_782"  "OTU_2623" "OTU_4928"
[1705] "OTU_2262" "OTU_1777" "OTU_3580" "OTU_1380" "OTU_4911" "OTU_869" 
[1711] "OTU_948"  "OTU_2439" "OTU_2528" "OTU_2444" "OTU_2588" "OTU_2113"
[1717] "OTU_2668" "OTU_5425" "OTU_1640" "OTU_4128" "OTU_1222" "OTU_3199"
[1723] "OTU_2386" "OTU_921"  "OTU_5357" "OTU_1108" "OTU_2702" "OTU_1767"
[1729] "OTU_550"  "OTU_877"  "OTU_3237" "OTU_3924" "OTU_990"  "OTU_2001"
[1735] "OTU_663"  "OTU_3610" "OTU_5275" "OTU_1668" "OTU_518"  "OTU_754" 
[1741] "OTU_777"  "OTU_4042" "OTU_4506" "OTU_1267" "OTU_834"  "OTU_3712"
[1747] "OTU_581"  "OTU_599"  "OTU_2417" "OTU_4455" "OTU_4690" "OTU_1396"
[1753] "OTU_1862" "OTU_4102" "OTU_2312" "OTU_4424" "OTU_3687" "OTU_2726"
[1759] "OTU_4624" "OTU_2479" "OTU_1427" "OTU_4218" "OTU_5510" "OTU_3477"
[1765] "OTU_3105" "OTU_1171" "OTU_4890" "OTU_2913" "OTU_1297" "OTU_5108"
[1771] "OTU_3109" "OTU_4113" "OTU_4041" "OTU_1331" "OTU_3292" "OTU_1561"
[1777] "OTU_3025" "OTU_1463" "OTU_4783" "OTU_2851" "OTU_3490" "OTU_1623"
[1783] "OTU_1516" "OTU_4246" "OTU_2519" "OTU_4887" "OTU_1424" "OTU_4492"
[1789] "OTU_3267" "OTU_3632" "OTU_1166" "OTU_3438" "OTU_1698" "OTU_988" 
[1795] "OTU_2832" "OTU_1658" "OTU_947"  "OTU_2468" "OTU_5174" "OTU_2780"
[1801] "OTU_1878" "OTU_1773" "OTU_3009" "OTU_4036" "OTU_1167" "OTU_1012"
[1807] "OTU_2488" "OTU_1277" "OTU_1822" "OTU_791"  "OTU_980"  "OTU_2981"
[1813] "OTU_4144" "OTU_862"  "OTU_1033" "OTU_1387" "OTU_3565" "OTU_1210"
[1819] "OTU_1245" "OTU_3022" "OTU_4997" "OTU_2968" "OTU_3659" "OTU_563" 
[1825] "OTU_5327" "OTU_5399" "OTU_4115" "OTU_3986" "OTU_5252" "OTU_4976"
[1831] "OTU_512"  "OTU_2938" "OTU_1690" "OTU_1521" "OTU_3751" "OTU_2357"
[1837] "OTU_4780" "OTU_2304" "OTU_1084" "OTU_4604" "OTU_558"  "OTU_2059"
[1843] "OTU_3030" "OTU_2182" "OTU_2358" "OTU_2271" "OTU_4268" "OTU_822" 
[1849] "OTU_5353" "OTU_1751" "OTU_2138" "OTU_2423" "OTU_1812" "OTU_4894"
[1855] "OTU_3929" "OTU_1539" "OTU_571"  "OTU_648"  "OTU_1611" "OTU_514" 
[1861] "OTU_3232" "OTU_5093" "OTU_2608" "OTU_671"  "OTU_1753" "OTU_502" 
[1867] "OTU_3240" "OTU_4885" "OTU_1548" "OTU_1990" "OTU_3686" "OTU_2300"
[1873] "OTU_853"  "OTU_1674" "OTU_1982" "OTU_4512" "OTU_1098" "OTU_2643"
[1879] "OTU_1080" "OTU_1904" "OTU_2463" "OTU_5021" "OTU_4956" "OTU_2743"
[1885] "OTU_937"  "OTU_4610" "OTU_2815" "OTU_4984" "OTU_633"  "OTU_1123"
[1891] "OTU_3625" "OTU_1846" "OTU_3411" "OTU_2909" "OTU_1439" "OTU_3268"
[1897] "OTU_2567" "OTU_3096" "OTU_4866" "OTU_4668" "OTU_5351" "OTU_1906"
[1903] "OTU_2382" "OTU_4408" "OTU_3211" "OTU_2631" "OTU_841"  "OTU_1964"
[1909] "OTU_603"  "OTU_3585" "OTU_1347" "OTU_1197" "OTU_2730" "OTU_1464"
[1915] "OTU_3426" "OTU_3918" "OTU_1420" "OTU_2224" "OTU_3250" "OTU_690" 
[1921] "OTU_2584" "OTU_1691" "OTU_4083" "OTU_1630" "OTU_4425" "OTU_2205"
[1927] "OTU_3867" "OTU_1269" "OTU_1619" "OTU_4697" "OTU_3396" "OTU_4754"
[1933] "OTU_5499" "OTU_2108" "OTU_5447" "OTU_2245" "OTU_4667" "OTU_3287"
[1939] "OTU_2547" "OTU_567"  "OTU_2606" "OTU_3641" "OTU_955"  "OTU_4686"
[1945] "OTU_5176" "OTU_1431" "OTU_4470" "OTU_4669" "OTU_3192" "OTU_3726"
[1951] "OTU_1186" "OTU_1135" "OTU_2110" "OTU_1814" "OTU_1580" "OTU_5013"
[1957] "OTU_4703" "OTU_2936" "OTU_1647" "OTU_879"  "OTU_611"  "OTU_2018"
[1963] "OTU_1680" "OTU_1076" "OTU_2384" "OTU_3439" "OTU_3226" "OTU_2422"
[1969] "OTU_2016" "OTU_2610" "OTU_5216" "OTU_1372" "OTU_3344" "OTU_2080"
[1975] "OTU_3884" "OTU_1857" "OTU_2133" "OTU_5458" "OTU_911"  "OTU_3359"
[1981] "OTU_958"  "OTU_3004" "OTU_1019" "OTU_1940" "OTU_3971" "OTU_746" 
[1987] "OTU_1201" "OTU_2077" "OTU_3571" "OTU_944"  "OTU_1353" "OTU_2635"
[1993] "OTU_2275" "OTU_3095" "OTU_3729" "OTU_551"  "OTU_3755" "OTU_728" 
[1999] "OTU_3208" "OTU_974"  "OTU_2462" "OTU_2469" "OTU_2193" "OTU_2126"
[2005] "OTU_2405" "OTU_5169" "OTU_3669" "OTU_3285" "OTU_3432" "OTU_2440"
[2011] "OTU_3144" "OTU_2865" "OTU_2240" "OTU_4837" "OTU_1641" "OTU_4674"
[2017] "OTU_2410" "OTU_4633" "OTU_4416" "OTU_5467" "OTU_1229" "OTU_1378"
[2023] "OTU_534"  "OTU_936"  "OTU_2177" "OTU_2629" "OTU_2732" "OTU_1885"
[2029] "OTU_1666" "OTU_5280" "OTU_1371" "OTU_2066" "OTU_4593" "OTU_1185"
[2035] "OTU_2295" "OTU_623"  "OTU_4574" "OTU_3860" "OTU_3752" "OTU_4317"
[2041] "OTU_1445" "OTU_3577" "OTU_2601" "OTU_2429" "OTU_3740" "OTU_2116"
[2047] "OTU_2580" "OTU_932"  "OTU_5398" "OTU_3876" "OTU_1441" "OTU_3897"
[2053] "OTU_2923" "OTU_1395" "OTU_2434" "OTU_5298" "OTU_1727" "OTU_4589"
[2059] "OTU_839"  "OTU_4605" "OTU_3837" "OTU_5059" "OTU_1332" "OTU_1354"
[2065] "OTU_2568" "OTU_2204" "OTU_3575" "OTU_4377" "OTU_2536" "OTU_1506"
[2071] "OTU_3205" "OTU_5283" "OTU_1438" "OTU_4619" "OTU_4537" "OTU_4090"
[2077] "OTU_1475" "OTU_2085" "OTU_789"  "OTU_4482" "OTU_1242" "OTU_1188"
[2083] "OTU_2258" "OTU_3249" "OTU_1381" "OTU_1626" "OTU_2514" "OTU_3042"
[2089] "OTU_1607" "OTU_1525" "OTU_2848" "OTU_5484" "OTU_2973" "OTU_4773"
[2095] "OTU_2880" "OTU_1346" "OTU_2330" "OTU_3967" "OTU_2578" "OTU_1204"
[2101] "OTU_2311" "OTU_1726" "OTU_1578" "OTU_5144" "OTU_3653" "OTU_780" 
[2107] "OTU_2215" "OTU_5277" "OTU_3749" "OTU_2169" "OTU_5028" "OTU_4843"
[2113] "OTU_4874" "OTU_1503" "OTU_2589" "OTU_3791" "OTU_939"  "OTU_1397"
[2119] "OTU_1189" "OTU_2531" "OTU_3675" "OTU_1311" "OTU_1555" "OTU_2958"
[2125] "OTU_1160" "OTU_1004" "OTU_2228" "OTU_2404" "OTU_1860" "OTU_3301"
[2131] "OTU_902"  "OTU_5356" "OTU_842"  "OTU_4684" "OTU_1149" "OTU_2069"
[2137] "OTU_5056" "OTU_4906" "OTU_4982" "OTU_4097" "OTU_5448" "OTU_4528"
[2143] "OTU_5427" "OTU_3744" "OTU_5212" "OTU_5375" "OTU_4175" "OTU_3519"
[2149] "OTU_5319" "OTU_4082" "OTU_4656" "OTU_3683" "OTU_4755" "OTU_4598"
[2155] "OTU_4922" "OTU_4299" "OTU_1908" "OTU_2079" "OTU_4106" "OTU_3848"
[2161] "OTU_4494" "OTU_5481" "OTU_4276" "OTU_2656" "OTU_1016" "OTU_1522"
[2167] "OTU_1849" "OTU_2626" "OTU_4026" "OTU_4914" "OTU_3842" "OTU_4793"
[2173] "OTU_2522" "OTU_4193" "OTU_2834" "OTU_3177" "OTU_5074" "OTU_4417"
[2179] "OTU_2259" "OTU_1145" "OTU_3364" "OTU_3038" "OTU_1635" "OTU_2823"
[2185] "OTU_4046" "OTU_4392" "OTU_2807" "OTU_5124" "OTU_2363" "OTU_1600"
[2191] "OTU_2525" "OTU_1130" "OTU_4869" "OTU_5325" "OTU_5410" "OTU_5433"
[2197] "OTU_3652" "OTU_1983" "OTU_1315" "OTU_2003" "OTU_836"  "OTU_3433"
[2203] "OTU_3024" "OTU_5423" "OTU_3935" "OTU_625"  "OTU_3189" "OTU_3383"
[2209] "OTU_2980" "OTU_5368" "OTU_1579" "OTU_1221" "OTU_4273" "OTU_4004"
[2215] "OTU_903"  "OTU_2273" "OTU_3507" "OTU_5279" "OTU_5434" "OTU_3270"
[2221] "OTU_5449" "OTU_1465" "OTU_4331" "OTU_3481" "OTU_4404" "OTU_4967"
[2227] "OTU_3202" "OTU_1140" "OTU_837"  "OTU_3330" "OTU_3305" "OTU_3743"
[2233] "OTU_548"  "OTU_3035" "OTU_4847" "OTU_1736" "OTU_1965" "OTU_1722"
[2239] "OTU_702"  "OTU_1971" "OTU_2041" "OTU_4469" "OTU_5112" "OTU_2344"
[2245] "OTU_629"  "OTU_981"  "OTU_3700" "OTU_4970" "OTU_3501" "OTU_4527"
[2251] "OTU_5468" "OTU_5092" "OTU_3894" "OTU_3420" "OTU_4220" "OTU_859" 
[2257] "OTU_3402" "OTU_920"  "OTU_2483" "OTU_945"  "OTU_1951" "OTU_1142"
[2263] "OTU_2740" "OTU_4228" "OTU_2591" "OTU_2399" "OTU_1740" "OTU_4764"
[2269] "OTU_2158" "OTU_4403" "OTU_4498" "OTU_5431" "OTU_5205" "OTU_4045"
[2275] "OTU_5465" "OTU_4409" "OTU_5117" "OTU_5333" "OTU_5076" "OTU_4432"
[2281] "OTU_4944" "OTU_5286" "OTU_4348" "OTU_4719" "OTU_4877" "OTU_4880"
[2287] "OTU_5350" "OTU_4031" "OTU_3804" "OTU_5102" "OTU_4547" "OTU_4189"
[2293] "OTU_5029" "OTU_5294" "OTU_5148" "OTU_2698" "OTU_4213" "OTU_5152"
[2299] "OTU_5104" "OTU_4921" "OTU_5409" "OTU_4801" "OTU_4237" "OTU_5143"
[2305] "OTU_5091" "OTU_4953" "OTU_4130" "OTU_3350" "OTU_4759" "OTU_2461"
[2311] "OTU_3670" "OTU_5226" "OTU_3193" "OTU_3494" "OTU_4635" "OTU_5344"
[2317] "OTU_3757" "OTU_2351" "OTU_4235" "OTU_4988" "OTU_3826" "OTU_3461"
[2323] "OTU_3733" "OTU_3255" "OTU_4908" "OTU_5493" "OTU_5513" "OTU_2474"
[2329] "OTU_1830" "OTU_5196" "OTU_2166" "OTU_3119" "OTU_2701" "OTU_2325"
[2335] "OTU_4891" "OTU_5159" "OTU_2724" "OTU_2266" "OTU_3623" "OTU_4957"
[2341] "OTU_3538" "OTU_5345" "OTU_5290" "OTU_2819" "OTU_4050" "OTU_3727"
[2347] "OTU_5259" "OTU_2797" "OTU_4261" "OTU_3044" "OTU_3122" "OTU_4277"
[2353] "OTU_4867" "OTU_4376" "OTU_2501" "OTU_4725" "OTU_3455" "OTU_2900"
[2359] "OTU_3121" "OTU_1697" "OTU_3660" "OTU_3805" "OTU_4295" "OTU_5483"
[2365] "OTU_4334" "OTU_3349" "OTU_1643" "OTU_4959" "OTU_2651" "OTU_3104"
[2371] "OTU_5031" "OTU_4777" "OTU_4608" "OTU_5266" "OTU_3052" "OTU_4459"
[2377] "OTU_4937" "OTU_4572" "OTU_2632" "OTU_3446" "OTU_3722" "OTU_2688"
[2383] "OTU_4812" "OTU_5177" "OTU_3811" "OTU_4558" "OTU_4693" "OTU_4873"
[2389] "OTU_4735" "OTU_2029" "OTU_3535" "OTU_2197" "OTU_4841" "OTU_3318"
[2395] "OTU_5200" "OTU_4836" "OTU_4852" "OTU_2654" "OTU_4339" "OTU_4834"
[2401] "OTU_1410" "OTU_3646" "OTU_2808" "OTU_913"  "OTU_2402" "OTU_3511"
[2407] "OTU_3736" "OTU_3485" "OTU_4034" "OTU_1926" "OTU_2564" "OTU_840" 
[2413] "OTU_2293" "OTU_2450" "OTU_2202" "OTU_5346" "OTU_3828" "OTU_4563"
[2419] "OTU_5411" "OTU_3425" "OTU_2227" "OTU_5242" "OTU_3135" "OTU_1558"
[2425] "OTU_4054" "OTU_3061" "OTU_3254" "OTU_2372" "OTU_2615" "OTU_949" 
[2431] "OTU_2952" "OTU_1471" "OTU_3269" "OTU_2574" "OTU_2068" "OTU_1729"
[2437] "OTU_2987" "OTU_5264" "OTU_5183" "OTU_5476" "OTU_4132" "OTU_3619"
[2443] "OTU_3598" "OTU_4430" "OTU_1876" "OTU_2690" "OTU_2236" "OTU_4466"
[2449] "OTU_977"  "OTU_2762" "OTU_3299" "OTU_2508" "OTU_4844" "OTU_5473"
[2455] "OTU_2415" "OTU_5155" "OTU_1567" "OTU_4718" "OTU_867"  "OTU_5026"
[2461] "OTU_1808" "OTU_1869" "OTU_686"  "OTU_2866" "OTU_764"  "OTU_2137"
[2467] "OTU_1918" "OTU_3739" "OTU_1662" "OTU_3224" "OTU_1275" "OTU_3491"
[2473] "OTU_4182" "OTU_3141" "OTU_4715" "OTU_2764" "OTU_4143" "OTU_3070"
[2479] "OTU_3499" "OTU_1675" "OTU_616"  "OTU_3841" "OTU_5128" "OTU_1090"
[2485] "OTU_3260" "OTU_2873" "OTU_5194" "OTU_2436" "OTU_1038" "OTU_725" 
[2491] "OTU_5039" "OTU_1178" "OTU_5235" "OTU_4012" "OTU_2281" "OTU_2082"
[2497] "OTU_3629" "OTU_3128" "OTU_4861" "OTU_3591" "OTU_2549" "OTU_3662"
[2503] "OTU_2579" "OTU_2847" "OTU_3356" "OTU_3560" "OTU_1032" "OTU_1323"
[2509] "OTU_624"  "OTU_3795" "OTU_4038" "OTU_3769" "OTU_1879" "OTU_2659"
[2515] "OTU_4379" "OTU_539"  "OTU_968"  "OTU_5181" "OTU_2187" "OTU_4397"
[2521] "OTU_4596" "OTU_644"  "OTU_1451" "OTU_2017" "OTU_5307" "OTU_1570"
[2527] "OTU_1901" "OTU_798"  "OTU_5162" "OTU_1129" "OTU_860"  "OTU_2627"
[2533] "OTU_2283" "OTU_3200" "OTU_4907" "OTU_4980" "OTU_1290" "OTU_2502"
[2539] "OTU_1182" "OTU_4458" "OTU_2550" "OTU_1979" "OTU_3762" "OTU_4622"
[2545] "OTU_5079" "OTU_1660" "OTU_2427" "OTU_838"  "OTU_2518" "OTU_1818"
[2551] "OTU_1369" "OTU_576"  "OTU_801"  "OTU_2908" "OTU_4356" "OTU_2419"
[2557] "OTU_2546" "OTU_1868" "OTU_2403" "OTU_1456" "OTU_3855" "OTU_800" 
[2563] "OTU_3229" "OTU_4588" "OTU_5246" "OTU_1741" "OTU_520"  "OTU_4204"
[2569] "OTU_1995" "OTU_987"  "OTU_4713" "OTU_2048" "OTU_4737" "OTU_1718"
[2575] "OTU_4075" "OTU_4161" "OTU_3414" "OTU_4173" "OTU_3408" "OTU_3596"
[2581] "OTU_5316" "OTU_4335" "OTU_2530" "OTU_4274" "OTU_4369" "OTU_3671"
[2587] "OTU_5096" "OTU_4305" "OTU_4328" "OTU_4166" "OTU_3835" "OTU_4775"
[2593] "OTU_4912" "OTU_5489" "OTU_4378" "OTU_4374" "OTU_4157" "OTU_4134"
[2599] "OTU_4842" "OTU_3500" "OTU_5151" "OTU_4342" "OTU_5443" "OTU_5500"
[2605] "OTU_4081" "OTU_5081" "OTU_4653" "OTU_3650" "OTU_3856" "OTU_4005"
[2611] "OTU_2581" "OTU_4941" "OTU_4926" "OTU_3780" "OTU_5518" "OTU_4215"
[2617] "OTU_649"  "OTU_578"  "OTU_3409" "OTU_3011" "OTU_2521" "OTU_1661"
[2623] "OTU_2715" "OTU_5055" "OTU_4411" "OTU_5137" "OTU_3392" "OTU_4279"
[2629] "OTU_5234" "OTU_4244" "OTU_5422" "OTU_3824" "OTU_4032" "OTU_3907"
[2635] "OTU_4266" "OTU_4681" "OTU_5502" "OTU_4201" "OTU_5193" "OTU_2983"
[2641] "OTU_5312" "OTU_4252" "OTU_3049" "OTU_1931" "OTU_2788" "OTU_2520"
[2647] "OTU_1153" "OTU_3822" "OTU_2611" "OTU_5313" "OTU_2710" "OTU_1079"
[2653] "OTU_2901" "OTU_1897" "OTU_5221" "OTU_3429" "OTU_2827" "OTU_2088"
[2659] "OTU_3854" "OTU_5109" "OTU_3334" "OTU_1970" "OTU_1155" "OTU_4148"
[2665] "OTU_1377" "OTU_1954" "OTU_1068" "OTU_1042" "OTU_4663" "OTU_2144"
[2671] "OTU_1802" "OTU_3813" "OTU_2218" "OTU_2268" "OTU_3520" "OTU_1572"
[2677] "OTU_535"  "OTU_2559" "OTU_1497" "OTU_3644" "OTU_1710" "OTU_2617"
[2683] "OTU_1100" "OTU_2151" "OTU_2500" "OTU_1582" "OTU_2899" "OTU_4918"
[2689] "OTU_2957" "OTU_1318" "OTU_524"  "OTU_4413" "OTU_792"  "OTU_4790"
[2695] "OTU_1910" "OTU_979"  "OTU_1967" "OTU_4140" "OTU_2542" "OTU_1392"
[2701] "OTU_5511" "OTU_1036" "OTU_1246" "OTU_3058" "OTU_1972" "OTU_4383"
[2707] "OTU_1086" "OTU_3259" "OTU_1602" "OTU_2979" "OTU_3550" "OTU_4385"
[2713] "OTU_1358" "OTU_1534" "OTU_2109" "OTU_3818" "OTU_1366" "OTU_4249"
[2719] "OTU_2070" "OTU_1183" "OTU_1301" "OTU_1511" "OTU_2146" "OTU_1875"
[2725] "OTU_1031" "OTU_875"  "OTU_928"  "OTU_3355" "OTU_3013" "OTU_1678"
[2731] "OTU_1617" "OTU_1280" "OTU_3001" "OTU_2134" "OTU_2180" "OTU_2287"
[2737] "OTU_2038" "OTU_2877" "OTU_4632" "OTU_3936" "OTU_1915" "OTU_1418"
[2743] "OTU_2329" "OTU_3012" "OTU_4039" "OTU_4320" "OTU_3041" "OTU_5424"
[2749] "OTU_2316" "OTU_2121" "OTU_5377" "OTU_5001" "OTU_3174" "OTU_5310"
[2755] "OTU_4595" "OTU_5186" "OTU_3767" "OTU_2925" "OTU_5256" "OTU_3066"
[2761] "OTU_4535" "OTU_3448" "OTU_3718" "OTU_4612" "OTU_3850" "OTU_3195"
[2767] "OTU_4112" "OTU_4961" "OTU_1483" "OTU_2291" "OTU_857"  "OTU_2681"
[2773] "OTU_2874" "OTU_4170" "OTU_3178" "OTU_4367" "OTU_5188" "OTU_4665"
[2779] "OTU_4884" "OTU_5187" "OTU_3702" "OTU_1168" "OTU_5066" "OTU_2376"
[2785] "OTU_1712" "OTU_2947" "OTU_2341" "OTU_5008" "OTU_3561" "OTU_3204"
[2791] "OTU_4293" "OTU_1309" "OTU_2791" "OTU_4536" "OTU_1800" "OTU_4065"
[2797] "OTU_1077" "OTU_4825" "OTU_3120" "OTU_2406" "OTU_1308" "OTU_4200"
[2803] "OTU_1176" "OTU_5179" "OTU_5362" "OTU_2647" "OTU_3182" "OTU_3263"
[2809] "OTU_1932" "OTU_2459" "OTU_4336" "OTU_4829" "OTU_2778" "OTU_4679"
[2815] "OTU_1121" "OTU_4000" "OTU_3724" "OTU_3949" "OTU_3385" "OTU_3449"
[2821] "OTU_3086" "OTU_1492" "OTU_1237" "OTU_1939" "OTU_2943" "OTU_5105"
[2827] "OTU_1228" "OTU_4118" "OTU_965"  "OTU_5067" "OTU_1407" "OTU_3941"
[2833] "OTU_5446" "OTU_5438" "OTU_1836" "OTU_3442" "OTU_831"  "OTU_1164"
[2839] "OTU_4464" "OTU_2390" "OTU_2775" "OTU_5416" "OTU_3437" "OTU_4503"
[2845] "OTU_3685" "OTU_3972" "OTU_4346" "OTU_4673" "OTU_3395" "OTU_4616"
[2851] "OTU_5508" "OTU_4271" "OTU_3738" "OTU_3989" "OTU_4968" "OTU_3294"
[2857] "OTU_3667" "OTU_4183" "OTU_4070" "OTU_2370" "OTU_4318" "OTU_4260"
[2863] "OTU_4910" "OTU_5478" "OTU_4352" "OTU_5020" "OTU_4480" "OTU_5359"
[2869] "OTU_5243" "OTU_5110" "OTU_4726" "OTU_5172" "OTU_2477" "OTU_4443"
[2875] "OTU_5455" "OTU_5167" "OTU_2721" "OTU_5037" "OTU_1758" "OTU_1905"
[2881] "OTU_3939" "OTU_3615" "OTU_4184" "OTU_2781" "OTU_4792" "OTU_5419"
[2887] "OTU_5178" "OTU_2706" "OTU_5338" "OTU_2443" "OTU_4573" "OTU_5245"
[2893] "OTU_3352" "OTU_3045" "OTU_4162" "OTU_3033" "OTU_4688" "OTU_3782"
[2899] "OTU_4109" "OTU_3921" "OTU_3533" "OTU_5388" "OTU_4993" "OTU_4510"
[2905] "OTU_3932" "OTU_4456" "OTU_5512" "OTU_3380" "OTU_5490" "OTU_2533"
[2911] "OTU_2924" "OTU_2757" "OTU_2595" "OTU_2857" "OTU_732"  "OTU_3607"
[2917] "OTU_2118" "OTU_1704" "OTU_954"  "OTU_4568" "OTU_3909" "OTU_802" 
[2923] "OTU_4300" "OTU_2742" "OTU_5140" "OTU_3180" "OTU_5099" "OTU_4641"
[2929] "OTU_4717" "OTU_2919" "OTU_810"  "OTU_4979" "OTU_2170" "OTU_4030"
[2935] "OTU_3466" "OTU_3840" "OTU_4541" "OTU_5417" "OTU_3913" "OTU_4781"
[2941] "OTU_4479" "OTU_3133" "OTU_4546" "OTU_4308" "OTU_3957" "OTU_2409"
[2947] "OTU_1096" "OTU_3802" "OTU_1041" "OTU_1670" "OTU_3303" "OTU_2265"
[2953] "OTU_908"  "OTU_4056" "OTU_3996" "OTU_2466" "OTU_2034" "OTU_5428"
[2959] "OTU_1134" "OTU_4214" "OTU_1203" "OTU_3777" "OTU_2658" "OTU_1715"
[2965] "OTU_999"  "OTU_4999" "OTU_983"  "OTU_3139" "OTU_1452" "OTU_2301"
[2971] "OTU_2445" "OTU_5265" "OTU_1835" "OTU_2620" "OTU_1227" "OTU_2200"
[2977] "OTU_1370" "OTU_3419" "OTU_4047" "OTU_872"  "OTU_3526" "OTU_4251"
[2983] "OTU_2985" "OTU_505"  "OTU_4351" "OTU_2009" "OTU_673"  "OTU_5432"
[2989] "OTU_4742" "OTU_3820" "OTU_1052" "OTU_1484" "OTU_3919" "OTU_2431"
[2995] "OTU_2950" "OTU_3173" "OTU_5341" "OTU_3159" "OTU_3923" "OTU_1871"
[3001] "OTU_1563" "OTU_4236" "OTU_3714" "OTU_4172" "OTU_1796" "OTU_5414"
[3007] "OTU_2812" "OTU_1432" "OTU_3157" "OTU_2093" "OTU_4321" "OTU_1337"
[3013] "OTU_4824" "OTU_4973" "OTU_4495" "OTU_4727" "OTU_5293" "OTU_5389"
[3019] "OTU_5387" "OTU_4084" "OTU_4983" "OTU_3588" "OTU_4322" "OTU_4826"
[3025] "OTU_2804" "OTU_4226" "OTU_5355" "OTU_4380" "OTU_4661" "OTU_3418"
[3031] "OTU_4972" "OTU_4566" "OTU_4909" "OTU_5241" "OTU_4868" "OTU_3158"
[3037] "OTU_2377" "OTU_3278" "OTU_2081" "OTU_2602" "OTU_2903" "OTU_647" 
[3043] "OTU_532"  "OTU_3452" "OTU_547"  "OTU_863"  "OTU_1020" "OTU_4382"
[3049] "OTU_597"  "OTU_3857" "OTU_2008" "OTU_3613" "OTU_2260" "OTU_1119"
[3055] "OTU_5436" "OTU_847"  "OTU_4447" "OTU_1062" "OTU_4033" "OTU_1428"
[3061] "OTU_852"  "OTU_5141" "OTU_1925" "OTU_554"  "OTU_3861" "OTU_4590"
[3067] "OTU_4776" "OTU_2699" "OTU_516"  "OTU_1679" "OTU_4526" "OTU_3424"
[3073] "OTU_2035" "OTU_3604" "OTU_5113" "OTU_3940" "OTU_1702" "OTU_742" 
[3079] "OTU_3944" "OTU_602"  "OTU_3388" "OTU_2975" "OTU_1293" "OTU_3092"
[3085] "OTU_2101" "OTU_1560" "OTU_1637" "OTU_982"  "OTU_2389" "OTU_3179"
[3091] "OTU_3617" "OTU_2563" "OTU_2914" "OTU_4052" "OTU_1268" "OTU_5034"
[3097] "OTU_1519" "OTU_2317" "OTU_712"  "OTU_738"  "OTU_1553" "OTU_3007"
[3103] "OTU_4048" "OTU_1557" "OTU_1682" "OTU_2905" "OTU_2006" "OTU_2970"
[3109] "OTU_752"  "OTU_2023" "OTU_2994" "OTU_812"  "OTU_4485" "OTU_5098"
[3115] "OTU_719"  "OTU_4181" "OTU_881"  "OTU_3008" "OTU_914"  "OTU_2768"
[3121] "OTU_1278" "OTU_963"  "OTU_1327" "OTU_803"  "OTU_3088" "OTU_3966"
[3127] "OTU_886"  "OTU_2967" "OTU_758"  "OTU_4898" "OTU_1426" "OTU_1828"
[3133] "OTU_4468" "OTU_4791" "OTU_5317" "OTU_3595" "OTU_5451" "OTU_508" 
[3139] "OTU_626"  "OTU_3620" "OTU_3075" "OTU_1646" "OTU_3799" "OTU_2339"
[3145] "OTU_2413" "OTU_3639" "OTU_5053" "OTU_4865" "OTU_3156" "OTU_4422"
[3151] "OTU_3679" "OTU_4676" "OTU_3701" "OTU_5173" "OTU_4037" "OTU_4314"
[3157] "OTU_3914" "OTU_2148" "OTU_3509" "OTU_4040" "OTU_3212" "OTU_3640"
[3163] "OTU_2331" "OTU_3847" "OTU_2194" "OTU_1348" "OTU_2052" "OTU_3668"
[3169] "OTU_3497" "OTU_3112" "OTU_4287" "OTU_5371" "OTU_4171" "OTU_5111"
[3175] "OTU_1045" "OTU_2544" "OTU_2911" "OTU_3542" "OTU_4303" "OTU_4761"
[3181] "OTU_2971" "OTU_5204" "OTU_2594" "OTU_3265" "OTU_5260" "OTU_3518"
[3187] "OTU_3459" "OTU_5439" "OTU_3748" "OTU_3649" "OTU_3819" "OTU_4581"
[3193] "OTU_1809" "OTU_3698" "OTU_2183" "OTU_5145" "OTU_4442" "OTU_4698"
[3199] "OTU_2835" "OTU_3210" "OTU_3283" "OTU_1636" "OTU_4264" "OTU_3889"
[3205] "OTU_4057" "OTU_573"  "OTU_3858" "OTU_3228" "OTU_4654" "OTU_1546"
[3211] "OTU_2209" "OTU_5457" "OTU_2763" "OTU_4452" "OTU_4923" "OTU_3345"
[3217] "OTU_4473" "OTU_4407" "OTU_5343" "OTU_5228" "OTU_5402" "OTU_2507"
[3223] "OTU_4763" "OTU_3337" "OTU_5149" "OTU_3853" "OTU_5352" "OTU_5472"
[3229] "OTU_4917" "OTU_3680" "OTU_3207" "OTU_5374" "OTU_4662" "OTU_3272"
[3235] "OTU_4018" "OTU_3882" "OTU_5163" "OTU_4412" "OTU_4294" "OTU_4001"
[3241] "OTU_4441" "OTU_4606" "OTU_4882" "OTU_4297" "OTU_4120" "OTU_5133"
[3247] "OTU_4592" "OTU_5395" "OTU_4925" "OTU_5505" "OTU_1069" "OTU_5486"
[3253] "OTU_4848" "OTU_5166" "OTU_2475" "OTU_5158" "OTU_2671" "OTU_4711"
[3259] "OTU_4160" "OTU_4878" "OTU_589"  "OTU_4601" "OTU_598"  "OTU_610" 
[3265] "OTU_1863" "OTU_2438" "OTU_2381" "OTU_4594" "OTU_3706" "OTU_2614"
[3271] "OTU_1029" "OTU_2517" "OTU_3974" "OTU_2831" "OTU_5223" "OTU_2416"
[3277] "OTU_5509" "OTU_830"  "OTU_1981" "OTU_2039" "OTU_2303" "OTU_4813"
[3283] "OTU_2186" "OTU_3422" "OTU_615"  "OTU_4935" "OTU_2747" "OTU_1070"
[3289] "OTU_2157" "OTU_5080" "OTU_1283" "OTU_1977" "OTU_2225" "OTU_5429"
[3295] "OTU_2216" "OTU_1055" "OTU_4950" "OTU_4986" "OTU_5069" "OTU_4757"
[3301] "OTU_3758" "OTU_5033" "OTU_5084" "OTU_3963" "OTU_5045" "OTU_2773"
[3307] "OTU_5440" "OTU_2685" "OTU_3870" "OTU_2998" "OTU_3043" "OTU_4280"
[3313] "OTU_2984" "OTU_4371" "OTU_5349" "OTU_4691" "OTU_3506" "OTU_4516"
[3319] "OTU_3130" "OTU_4234" "OTU_2959" "OTU_2993" "OTU_3920" "OTU_5225"
[3325] "OTU_3476" "OTU_4577" "OTU_2577" "OTU_3975" "OTU_4011" "OTU_3960"
[3331] "OTU_5175" "OTU_3666" "OTU_4438" "OTU_2674" "OTU_3400" "OTU_5391"
[3337] "OTU_5466" "OTU_3927" "OTU_4354" "OTU_4152" "OTU_2892" "OTU_2844"
[3343] "OTU_3931" "OTU_2854" "OTU_3849" "OTU_2864" "OTU_4066" "OTU_5044"
[3349] "OTU_5054" "OTU_2922" "OTU_2744" "OTU_2821" "OTU_4746" "OTU_2084"
[3355] "OTU_3372" "OTU_4670" "OTU_4085" "OTU_4749" "OTU_4952" "OTU_3812"
[3361] "OTU_3315" "OTU_3343" "OTU_4700" "OTU_4995" "OTU_5354" "OTU_5385"
[3367] "OTU_3553" "OTU_3570" "OTU_4939" "OTU_5129" "OTU_5016" "OTU_4767"
[3373] "OTU_4497" "OTU_5460" "OTU_5324" "OTU_4309" "OTU_3922" "OTU_2860"
[3379] "OTU_4151" "OTU_2990" "OTU_3138" "OTU_5488" "OTU_2607" "OTU_3055"
[3385] "OTU_3324" "OTU_4685" "OTU_3768" "OTU_5295" "OTU_4520" "OTU_3678"
[3391] "OTU_2782" "OTU_3852" "OTU_2395" "OTU_3569" "OTU_4525" "OTU_3111"
[3397] "OTU_5415" "OTU_3082" "OTU_3516" "OTU_5285" "OTU_1612" "OTU_5397"
[3403] "OTU_4389" "OTU_2600" "OTU_4423" "OTU_5136" "OTU_2822" "OTU_5068"
[3409] "OTU_3937" "OTU_3413" "OTU_5063" "OTU_5027" "OTU_4580" "OTU_5126"
[3415] "OTU_5498" "OTU_3990" "OTU_5255" "OTU_4014" "OTU_4658" "OTU_2575"
[3421] "OTU_3911" "OTU_2165" "OTU_631"  "OTU_3142" "OTU_2453" "OTU_3440"
[3427] "OTU_2649" "OTU_4692" "OTU_3389" "OTU_2962" "OTU_4421" "OTU_5061"
[3433] "OTU_4524" "OTU_4253" "OTU_5120" "OTU_4734" "OTU_3149" "OTU_2906"
[3439] "OTU_4099" "OTU_4881" "OTU_3527" "OTU_4807" "OTU_5482" "OTU_3222"
[3445] "OTU_5088" "OTU_3387" "OTU_5003" "OTU_4107" "OTU_5403" "OTU_4101"
[3451] "OTU_2796" "OTU_3783" "OTU_4103" "OTU_2868" "OTU_2349" "OTU_4901"
[3457] "OTU_4811" "OTU_5182" "OTU_3633" "OTU_4645" "OTU_4247" "OTU_3877"
[3463] "OTU_3995" "OTU_5276" "OTU_3298" "OTU_3728" "OTU_1110" "OTU_2785"
[3469] "OTU_3436" "OTU_3654" "OTU_5495" "OTU_1842" "OTU_4731" "OTU_3827"
[3475] "OTU_3517" "OTU_3874" "OTU_4095" "OTU_1499" "OTU_855"  "OTU_4748"
[3481] "OTU_5195" "OTU_4073" "OTU_2694" "OTU_2878" "OTU_1769" "OTU_2305"
[3487] "OTU_1524" "OTU_3954" "OTU_2387" "OTU_3118" "OTU_1654" "OTU_2939"
[3493] "OTU_1533" "OTU_767"  "OTU_3781" "OTU_606"  "OTU_2022" "OTU_1081"
[3499] "OTU_708"  "OTU_641"  "OTU_2340" "OTU_3051" "OTU_3295" "OTU_5303"
[3505] "OTU_2256" "OTU_4850" "OTU_1429" "OTU_2036" "OTU_4357" "OTU_4250"
[3511] "OTU_3512" "OTU_2660" "OTU_4652" "OTU_4326" "OTU_3692" "OTU_3029"
[3517] "OTU_5239" "OTU_1013" "OTU_1717" "OTU_723"  "OTU_4125" "OTU_710" 
[3523] "OTU_951"  "OTU_3627" "OTU_4390" "OTU_1282" "OTU_4195" "OTU_740" 
[3529] "OTU_594"  "OTU_4702" "OTU_1815" "OTU_1225" "OTU_1249" "OTU_885" 
[3535] "OTU_1504" "OTU_4701" "OTU_529"  "OTU_700"  "OTU_4994" "OTU_3985"
[3541] "OTU_4117" "OTU_916"  "OTU_4198" "OTU_2921" "OTU_4683" "OTU_659" 
[3547] "OTU_3373" "OTU_4529" "OTU_1652" "OTU_1766" "OTU_811"  "OTU_1760"
[3553] "OTU_4614" "OTU_4387" "OTU_2478" "OTU_5326" "OTU_765"  "OTU_4239"
[3559] "OTU_1984" "OTU_5130" "OTU_1175" "OTU_3081" "OTU_2432" "OTU_905" 
[3565] "OTU_1304" "OTU_2573" "OTU_5470" "OTU_4584" "OTU_1170" "OTU_1257"
[3571] "OTU_2839" "OTU_5516" "OTU_4426" "OTU_770"  "OTU_527"  "OTU_1256"
[3577] "OTU_4241" "OTU_1991" "OTU_1551" "OTU_899"  "OTU_1748" "OTU_1889"
[3583] "OTU_1066" "OTU_1146" "OTU_4575" "OTU_5332" "OTU_5072" "OTU_660" 
[3589] "OTU_4855" "OTU_3933" "OTU_2299" "OTU_1230" "OTU_4398" "OTU_5382"
[3595] "OTU_3365" "OTU_5492" "OTU_2481" "OTU_706"  "OTU_4853" "OTU_4051"
[3601] "OTU_1472" "OTU_2356" "OTU_2457" "OTU_4230" "OTU_587"  "OTU_817" 
[3607] "OTU_4229" "OTU_2597" "OTU_4794" "OTU_2965" "OTU_1859" "OTU_1493"
[3613] "OTU_2014" "OTU_2207" "OTU_2160" "OTU_2238" "OTU_2388" "OTU_5462"
[3619] "OTU_2190" "OTU_3786" "OTU_4476" "OTU_4340" "OTU_4169" "OTU_4100"
[3625] "OTU_4720" "OTU_5365" "OTU_5475" "OTU_1728" "OTU_5085" "OTU_2884"
[3631] "OTU_4301" "OTU_4284" "OTU_1949" "OTU_4933" "OTU_4296" "OTU_4126"
[3637] "OTU_5005" "OTU_2776" "OTU_3594" "OTU_1111" "OTU_1248" "OTU_4507"
[3643] "OTU_709"  "OTU_1856" "OTU_844"  "OTU_3938" "OTU_1341" "OTU_1957"
[3649] "OTU_2920" "OTU_2672" "OTU_3129" "OTU_5274" "OTU_4333" "OTU_2618"
[3655] "OTU_4771" "OTU_3434" "OTU_4212" "OTU_2926" "OTU_4419" "OTU_5262"
[3661] "OTU_4399" "OTU_5331" "OTU_4963" "OTU_3657" "OTU_3603" "OTU_3776"
[3667] "OTU_2759" "OTU_1487" "OTU_2516" "OTU_3188" "OTU_5441" "OTU_3951"
[3673] "OTU_1173" "OTU_904"  "OTU_543"  "OTU_5047" "OTU_4061" "OTU_3416"
[3679] "OTU_2105" "OTU_4863" "OTU_2397" "OTU_1804" "OTU_773"  "OTU_3498"
[3685] "OTU_1731" "OTU_3203" "OTU_3300" "OTU_821"  "OTU_3230" "OTU_579" 
[3691] "OTU_3998" "OTU_698"  "OTU_760"  "OTU_793"  "OTU_4428" "OTU_675" 
[3697] "OTU_3153" "OTU_1827" "OTU_3341" "OTU_823"  "OTU_537"  "OTU_557" 
[3703] "OTU_3759" "OTU_3155" "OTU_2587" "OTU_2333" "OTU_724"  "OTU_699" 
[3709] "OTU_1361" "OTU_2648" "OTU_775"  "OTU_4778" "OTU_4640" "OTU_3797"
[3715] "OTU_3266" "OTU_2552" "OTU_1071" "OTU_1462" "OTU_585"  "OTU_1442"
[3721] "OTU_5211" "OTU_4437" "OTU_1239" "OTU_3475" "OTU_3447" "OTU_2441"
[3727] "OTU_1590" "OTU_3169" "OTU_2060" "OTU_1523" "OTU_4401" "OTU_5135"
[3733] "OTU_1821" "OTU_1390" "OTU_5236" "OTU_3906" "OTU_1321" "OTU_3280"
[3739] "OTU_4769" "OTU_4486" "OTU_3085" "OTU_684"  "OTU_5318" "OTU_4433"
[3745] "OTU_1696" "OTU_3327" "OTU_1334" "OTU_942"  "OTU_3815" "OTU_5392"
[3751] "OTU_5007" "OTU_656"  "OTU_3286" "OTU_5268" "OTU_582"  "OTU_3488"
[3757] "OTU_901"  "OTU_2886" "OTU_2396" "OTU_561"  "OTU_4892" "OTU_3209"
[3763] "OTU_3398" "OTU_3756" "OTU_586"  "OTU_2777" "OTU_825"  "OTU_3753"
[3769] "OTU_1057" "OTU_1114" "OTU_5311" "OTU_4634" "OTU_986"  "OTU_1708"
[3775] "OTU_4784" "OTU_3891" "OTU_4427" "OTU_2561" "OTU_4372" "OTU_849" 
[3781] "OTU_5094" "OTU_868"  "OTU_4156" "OTU_3196" "OTU_5418" "OTU_4985"
[3787] "OTU_4386" "OTU_2693" "OTU_5406" "OTU_4708" "OTU_4224" "OTU_5207"
[3793] "OTU_701"  "OTU_2435" "OTU_1874" "OTU_3691" "OTU_4903" "OTU_4557"
[3799] "OTU_4810" "OTU_4029" "OTU_3252" "OTU_864"  "OTU_3296" "OTU_3663"
[3805] "OTU_1565" "OTU_4788" "OTU_4400" "OTU_4363" "OTU_5253" "OTU_4307"
[3811] "OTU_2680" "OTU_2716" "OTU_691"  "OTU_3362" "OTU_2030" "OTU_3370"
[3817] "OTU_4996" "OTU_517"  "OTU_575"  "OTU_4736" "OTU_1238" "OTU_5157"
[3823] "OTU_5154" "OTU_3893" "OTU_4153" "OTU_3587" "OTU_4930" "OTU_3863"
[3829] "OTU_4774" "OTU_880"  "OTU_1845" "OTU_1601" "OTU_3711" "OTU_757" 
[3835] "OTU_4146" "OTU_574"  "OTU_4733" "OTU_1535" "OTU_735"  "OTU_2055"
[3841] "OTU_609"  "OTU_5082" "OTU_2211" "OTU_4176" "OTU_3834" "OTU_4306"
[3847] "OTU_731"  "OTU_1412" "OTU_1653" "OTU_5161" "OTU_1335" "OTU_1113"
[3853] "OTU_5147" "OTU_4298" "OTU_3556" "OTU_2596" "OTU_4753" "OTU_5379"
[3859] "OTU_893"  "OTU_4439" "OTU_3319" "OTU_3060" "OTU_4618" "OTU_3634"
[3865] "OTU_2143" "OTU_3291" "OTU_854"  "OTU_1866" "OTU_523"  "OTU_3314"
[3871] "OTU_3643" "OTU_3746" "OTU_2677" "OTU_541"  "OTU_530"  "OTU_4828"
[3877] "OTU_1762" "OTU_4832" "OTU_3684" "OTU_533"  "OTU_766"  "OTU_996" 
[3883] "OTU_722"  "OTU_4381" "OTU_759"  "OTU_580"  "OTU_3143" "OTU_1003"
[3889] "OTU_4707" "OTU_568"  "OTU_4142" "OTU_2745" "OTU_4827" "OTU_1157"
[3895] "OTU_4938" "OTU_5336" "OTU_2064" "OTU_1550" "OTU_2992" "OTU_3137"
[3901] "OTU_3478" "OTU_4798" "OTU_1745" "OTU_2927" "OTU_3838" "OTU_5296"
[3907] "OTU_544"  "OTU_799"  "OTU_5337" "OTU_1720" "OTU_2820" "OTU_1143"
[3913] "OTU_2991" "OTU_2963" "OTU_1401" "OTU_5323" "OTU_4954" "OTU_5010"
[3919] "OTU_4556" "OTU_4141" "OTU_2789" "OTU_3234" "OTU_4281" "OTU_5289"
[3925] "OTU_2195" "OTU_2986" "OTU_4657" "OTU_3531" "OTU_785"  "OTU_3374"
[3931] "OTU_4745" "OTU_3961" "OTU_2220" "OTU_4060" "OTU_888"  "OTU_1569"
[3937] "OTU_2609" "OTU_3428" "OTU_4509" "OTU_4231" "OTU_5025" "OTU_4821"
[3943] "OTU_4621" "OTU_1286" "OTU_3034" "OTU_2498" "OTU_3992" "OTU_3289"
[3949] "OTU_3865" "OTU_2188" "OTU_3551" "OTU_2898" "OTU_971"  "OTU_3307"
[3955] "OTU_3431" "OTU_3984" "OTU_3808" "OTU_4740" "OTU_2280" "OTU_3492"
[3961] "OTU_5364" "OTU_2342" "OTU_2092" "OTU_1948" "OTU_2122" "OTU_2942"
[3967] "OTU_2460" "OTU_1761" "OTU_4539" "OTU_3898" "OTU_2779" "OTU_5018"
[3973] "OTU_5214" "OTU_912"  "OTU_1573" "OTU_5360" "OTU_4505" "OTU_3505"
[3979] "OTU_3618" "OTU_2813" "OTU_5160" "OTU_593"  "OTU_3236" "OTU_2912"
[3985] "OTU_570"  "OTU_503"  "OTU_4256" "OTU_1362" "OTU_4564" "OTU_638" 
[3991] "OTU_3778" "OTU_4750" "OTU_2576" "OTU_3552" "OTU_2385" "OTU_4062"
[3997] "OTU_3866" "OTU_2241" "OTU_4945" "OTU_1181" "OTU_1091" "OTU_3725"
[4003] "OTU_2248" "OTU_2446" "OTU_1988" "OTU_1883" "OTU_3999" "OTU_3602"
[4009] "OTU_1952" "OTU_1105" "OTU_5496" "OTU_4017" "OTU_5190" "OTU_3474"
[4015] "OTU_2371" "OTU_1226" "OTU_2263" "OTU_3037" "OTU_2352" "OTU_889" 
[4021] "OTU_5150" "OTU_2178" "OTU_3645" "OTU_2199" "OTU_4243" "OTU_3164"
[4027] "OTU_3980" "OTU_1482" "OTU_1027" "OTU_3763" "OTU_3830" "OTU_3579"
[4033] "OTU_549"  "OTU_1620" "OTU_929"  "OTU_5201" "OTU_694"  "OTU_2686"
[4039] "OTU_751"  "OTU_4197" "OTU_4743" "OTU_4567" "OTU_2173" "OTU_3581"
[4045] "OTU_2955" "OTU_895"  "OTU_2829" "OTU_1592" "OTU_556"  "OTU_2760"
[4051] "OTU_507"  "OTU_2935" "OTU_1007" "OTU_1887" "OTU_2073" "OTU_727" 
[4057] "OTU_4678" "OTU_2242" "OTU_931"  "OTU_2420" "OTU_4225" "OTU_1383"
[4063] "OTU_1584" "OTU_2047" "OTU_923"  "OTU_2181" "OTU_2208" "OTU_2124"
[4069] "OTU_985"  "OTU_1986" "OTU_2033" "OTU_4714" "OTU_2766" "OTU_2538"
[4075] "OTU_3943" "OTU_1034" "OTU_2665" "OTU_2067" "OTU_2452" "OTU_1843"
[4081] "OTU_3694" "OTU_1241" "OTU_2365" "OTU_3887" "OTU_4611" "OTU_4461"
[4087] "OTU_3614" "OTU_4949" "OTU_2013" "OTU_5132" "OTU_5051" "OTU_5138"
[4093] "OTU_591"  "OTU_4671" "OTU_4822" "OTU_636"  "OTU_4238" "OTU_4879"
[4099] "OTU_1677" "OTU_4139" "OTU_3574" "OTU_1449" "OTU_3309" "OTU_4240"
[4105] "OTU_1739" "OTU_4429" "OTU_3609" "OTU_4384" "OTU_1947" "OTU_2367"
[4111] "OTU_4257" "OTU_3468" "OTU_5100" "OTU_4549" "OTU_1088" "OTU_4786"
[4117] "OTU_5209" "OTU_4540" "OTU_3703" "OTU_3068" "OTU_4770" "OTU_4312"
[4123] "OTU_1750" "OTU_4579" "OTU_4353" "OTU_2214" "OTU_1542" "OTU_3261"
[4129] "OTU_2946" "OTU_5487" "OTU_4370" "OTU_2870" "OTU_2532" "OTU_3079"
[4135] "OTU_3582" "OTU_5040" "OTU_2171" "OTU_5412" "OTU_4272" "OTU_2031"
[4141] "OTU_3572" "OTU_521"  "OTU_741"  "OTU_5407" "OTU_3264" "OTU_2736"
[4147] "OTU_2711" "OTU_1391" "OTU_3132" "OTU_843"  "OTU_4185" "OTU_5049"
[4153] "OTU_3765" "OTU_2907" "OTU_4292" "OTU_5014" "OTU_4559" "OTU_5287"
[4159] "OTU_3896" "OTU_2818" "OTU_2111" "OTU_2196" "OTU_4165" "OTU_3102"
[4165] "OTU_4859" "OTU_4164" "OTU_2123" "OTU_4410" "OTU_577"  "OTU_1880"
[4171] "OTU_861"  "OTU_1112" "OTU_1389" "OTU_2129" "OTU_1174" "OTU_3093"
[4177] "OTU_1556" "OTU_2810" "OTU_1714" "OTU_5408" "OTU_2112" "OTU_2704"
[4183] "OTU_4722" "OTU_1781" "OTU_1097" "OTU_2746" "OTU_5103" "OTU_1605"
[4189] "OTU_3900" "OTU_2585" "OTU_1920" "OTU_3311" "OTU_1976" "OTU_3689"
[4195] "OTU_3554" "OTU_3697" "OTU_5459" "OTU_3953" "OTU_657"  "OTU_2506"
[4201] "OTU_3368" "OTU_4655" "OTU_4517" "OTU_718"  "OTU_3529" "OTU_3798"
[4207] "OTU_953"  "OTU_3016" "OTU_4462" "OTU_3988" "OTU_4814" "OTU_2670"
[4213] "OTU_3942" "OTU_3997" "OTU_5335" "OTU_2336" "OTU_3559" "OTU_4131"
[4219] "OTU_4514" "OTU_3543" "OTU_4163" "OTU_3445" "OTU_4133" "OTU_900" 
[4225] "OTU_1244" "OTU_1963" "OTU_1791" "OTU_1985" "OTU_2843" "OTU_969" 
[4231] "OTU_668"  "OTU_3080" "OTU_4916" "OTU_4270" "OTU_4960" "OTU_3709"
[4237] "OTU_1764" "OTU_4602" "OTU_5119" "OTU_2707" "OTU_2219" "OTU_4591"
[4243] "OTU_3916" "OTU_2192" "OTU_2756" "OTU_2666" "OTU_1147" "OTU_774" 
[4249] "OTU_1223" "OTU_874"  "OTU_3741" "OTU_3247" "OTU_1026" "OTU_3160"
[4255] "OTU_3361" "OTU_1365" "OTU_4518" "OTU_3163" "OTU_2090" "OTU_1379"
[4261] "OTU_2545" "OTU_1021" "OTU_887"  "OTU_1536" "OTU_639"  "OTU_2976"
[4267] "OTU_1992" "OTU_1693" "OTU_3106" "OTU_2447" "OTU_704"  "OTU_4337"
[4273] "OTU_3899" "OTU_646"  "OTU_4650" "OTU_4919" "OTU_2337" "OTU_2072"
[4279] "OTU_2451" "OTU_4020" "OTU_5366" "OTU_1430" "OTU_2375" "OTU_2074"
[4285] "OTU_2493" "OTU_2308" "OTU_3721" "OTU_2141" "OTU_1373" "OTU_1532"
[4291] "OTU_1890" "OTU_1466" "OTU_3647" "OTU_918"  "OTU_1150" "OTU_2015"
[4297] "OTU_1271" "OTU_2616" "OTU_2346" "OTU_3676" "OTU_4329" "OTU_3809"
[4303] "OTU_3302" "OTU_687"  "OTU_4324" "OTU_4833" "OTU_4116" "OTU_3097"
[4309] "OTU_5012" "OTU_619"  "OTU_1491" "OTU_3593" "OTU_1196" "OTU_3946"
[4315] "OTU_525"  "OTU_976"  "OTU_938"  "OTU_617"  "OTU_592"  "OTU_4191"
[4321] "OTU_2753" "OTU_3326" "OTU_4341" "OTU_3423" "OTU_5046" "OTU_1270"
[4327] "OTU_4875" "OTU_1251" "OTU_815"  "OTU_1803" "OTU_2043" "OTU_4003"
[4333] "OTU_3717" "OTU_5127" "OTU_4523" "OTU_3386" "OTU_5180" "OTU_4091"
[4339] "OTU_2872" "OTU_3020" "OTU_4675" "OTU_1469" "OTU_2027" "OTU_2510"
[4345] "OTU_5224" "OTU_4991" "OTU_2442" "OTU_4282" "OTU_3705" "OTU_1649"
[4351] "OTU_1962" "OTU_2937" "OTU_3642" "OTU_4076" "OTU_5237" "OTU_4712"
[4357] "OTU_4729" "OTU_5480" "OTU_3175" "OTU_2645" "OTU_4638" "OTU_3256"
[4363] "OTU_5231" "OTU_4187" "OTU_2274" "OTU_4603" "OTU_1296" "OTU_2327"
[4369] "OTU_4221" "OTU_2354" "OTU_1772" "OTU_924"  "OTU_3363" "OTU_1298"
[4375] "OTU_771"  "OTU_4391" "OTU_906"  "OTU_2696" "OTU_4513" "OTU_1087"
[4381] "OTU_3171" "OTU_3238" "OTU_4630" "OTU_4642" "OTU_1709" "OTU_1262"
[4387] "OTU_1356" "OTU_3888" "OTU_4730" "OTU_4114" "OTU_1838" "OTU_4571"
[4393] "OTU_835"  "OTU_2145" "OTU_1786" "OTU_930"  "OTU_4710" "OTU_3880"
[4399] "OTU_683"  "OTU_2430" "OTU_2037" "OTU_2565" "OTU_588"  "OTU_5270"
[4405] "OTU_4457" "OTU_4463" "OTU_4990" "OTU_2964" "OTU_1259" "OTU_804" 
[4411] "OTU_2398" "OTU_1507" "OTU_991"  "OTU_866"  "OTU_1254" "OTU_4217"
[4417] "OTU_3167" "OTU_4467" "OTU_2748" "OTU_3630" "OTU_4188" "OTU_2734"
[4423] "OTU_1276" "OTU_3023" "OTU_1022" "OTU_1128" "OTU_5185" "OTU_761" 
[4429] "OTU_5210" "OTU_4121" "OTU_4110" "OTU_3800" "OTU_5070" "OTU_1014"
[4435] "OTU_1632" "OTU_4395" "OTU_5232" "OTU_3320" "OTU_1284" "OTU_4795"
[4441] "OTU_513"  "OTU_1943" "OTU_1669" "OTU_1692" "OTU_1247" "OTU_5494"
[4447] "OTU_667"  "OTU_4332" "OTU_2075" "OTU_5217" "OTU_1749" "OTU_2150"
[4453] "OTU_5156" "OTU_3123" "OTU_2806" "OTU_1202" "OTU_1404" "OTU_1224"
[4459] "OTU_926"  "OTU_2933" "OTU_2583" "OTU_4450" "OTU_4644" "OTU_4027"
[4465] "OTU_1801" "OTU_786"  "OTU_3903" "OTU_665"  "OTU_737"  "OTU_806" 
[4471] "OTU_1723" "OTU_1064" "OTU_3626" "OTU_3801" "OTU_4739" "OTU_4768"
[4477] "OTU_3785" "OTU_2916" "OTU_4347" "OTU_2025" "OTU_4375" "OTU_2738"
[4483] "OTU_4178" "OTU_4420" "OTU_2541" "OTU_685"  "OTU_1261" "OTU_1109"
[4489] "OTU_3072" "OTU_1831" "OTU_1414" "OTU_3747" "OTU_4716" "OTU_4766"
[4495] "OTU_959"  "OTU_519"  "OTU_2557" "OTU_3895" "OTU_1009" "OTU_4179"
[4501] "OTU_2249" "OTU_5168" "OTU_3366" "OTU_3917" "OTU_4687" "OTU_3090"
[4507] "OTU_4808" "OTU_3154" "OTU_4086" "OTU_1820" "OTU_3219" "OTU_5050"
[4513] "OTU_1701" "OTU_693"  "OTU_1685" "OTU_5370" "OTU_5342" "OTU_2816"
[4519] "OTU_1154" "OTU_750"  "OTU_4316" "OTU_3197" "OTU_688"  "OTU_1338"
[4525] "OTU_1699" "OTU_1394" "OTU_1588" "OTU_4444" "OTU_2407" "OTU_3589"
[4531] "OTU_925"  "OTU_3152" "OTU_1453" "OTU_4623" "OTU_5036" "OTU_4695"
[4537] "OTU_3742" "OTU_555"  "OTU_4895" "OTU_3699" "OTU_3347" "OTU_1743"
[4543] "OTU_2951" "OTU_2840" "OTU_4680" "OTU_2758" "OTU_818"  "OTU_504" 
[4549] "OTU_5334" "OTU_4648" "OTU_3513" "OTU_1799" "OTU_4087" "OTU_3125"
[4555] "OTU_4080" "OTU_3544" "OTU_5032" "OTU_5456" "OTU_933"  "OTU_1010"
[4561] "OTU_1498" "OTU_805"  "OTU_2811" "OTU_1481" "OTU_2277" "OTU_1912"
[4567] "OTU_1861" "OTU_2147" "OTU_1892" "OTU_1002" "OTU_2089" "OTU_1260"
[4573] "OTU_4709" "OTU_1719" "OTU_2335" "OTU_2345" "OTU_1724" "OTU_714" 
[4579] "OTU_2802" "OTU_4723" "OTU_3523" "OTU_5430" "OTU_5281" "OTU_2338"
[4585] "OTU_5017" "OTU_1374" "OTU_3635" "OTU_1216" "OTU_3677" "OTU_565" 
[4591] "OTU_3806" "OTU_1730" "OTU_3810" "OTU_3656" "OTU_1234" "OTU_2683"
[4597] "OTU_3333" "OTU_2094" "OTU_1935" "OTU_2159" "OTU_2735" "OTU_3227"
[4603] "OTU_1209" "OTU_5299" "OTU_1832" "OTU_2856" "OTU_3796" "OTU_5272"
[4609] "OTU_2270" "OTU_5321" "OTU_884"  "OTU_1599" "OTU_1305" "OTU_1530"
[4615] "OTU_2770" "OTU_3161" "OTU_5238" "OTU_1399" "OTU_1819" "OTU_4946"
[4621] "OTU_790"  "OTU_2042" "OTU_1415" "OTU_3091" "OTU_3371" "OTU_2232"
[4627] "OTU_2487" "OTU_851"  "OTU_3871" "OTU_3845" "OTU_5022" "OTU_3415"
[4633] "OTU_3993" "OTU_2836" "OTU_1663" "OTU_3823" "OTU_5373" "OTU_1409"
[4639] "OTU_1898" "OTU_5282" "OTU_3048" "OTU_5191" "OTU_4313" "OTU_3467"
[4645] "OTU_4405" "OTU_3674" "OTU_4971" "OTU_1650" "OTU_3099" "OTU_3317"
[4651] "OTU_3879" "OTU_4490" "OTU_3606" "OTU_2833" "OTU_4350" "OTU_3184"
[4657] "OTU_5376" "OTU_1208" "OTU_5454" "OTU_5315" "OTU_4186" "OTU_3934"
[4663] "OTU_3673" "OTU_4310" "OTU_1455" "OTU_4943" "OTU_4055" "OTU_1194"
[4669] "OTU_1877" "OTU_1310" "OTU_2705" "OTU_3463" "OTU_1613" "OTU_608" 
[4675] "OTU_1775" "OTU_1051" "OTU_1927" "OTU_4787" "OTU_2230" "OTU_1655"
[4681] "OTU_2523" "OTU_3165" "OTU_4831" "OTU_2226" "OTU_4311" "OTU_4267"
[4687] "OTU_5202" "OTU_4721" "OTU_2235" "OTU_3076" "OTU_3006" "OTU_1959"
[4693] "OTU_1360" "OTU_2646" "OTU_1345" "OTU_4262" "OTU_897"  "OTU_1552"
[4699] "OTU_1095" "OTU_2298" "OTU_1011" "OTU_3489" "OTU_2586" "OTU_2130"
[4705] "OTU_1416" "OTU_4436" "OTU_5251" "OTU_5199" "OTU_2278" "OTU_584" 
[4711] "OTU_1220" "OTU_3281" "OTU_1936" "OTU_3101" "OTU_4406" "OTU_1518"
[4717] "OTU_1543" "OTU_2932" "OTU_4900" "OTU_1200" "OTU_743"  "OTU_1747"
[4723] "OTU_2910" "OTU_2470" "OTU_2210" "OTU_898"  "OTU_1053" "OTU_4636"
[4729] "OTU_1085" "OTU_1093" "OTU_957"  "OTU_4488" "OTU_3308" "OTU_2691"
[4735] "OTU_2934" "OTU_856"  "OTU_4643" "OTU_4871" "OTU_4471" "OTU_5339"
[4741] "OTU_5011" "OTU_2560" "OTU_1375" "OTU_3053" "OTU_4009" "OTU_2058"
[4747] "OTU_3394" "OTU_1903" "OTU_3015" "OTU_3487" "OTU_2599" "OTU_2989"
[4753] "OTU_2153" "OTU_3950" "OTU_1594" "OTU_3114" "OTU_4677" "OTU_3117"
[4759] "OTU_1054" "OTU_2505" "OTU_1339" "OTU_3814" "OTU_1214" "OTU_1008"
[4765] "OTU_5023" "OTU_1043" "OTU_3665" "OTU_927"  "OTU_1834" "OTU_4724"
[4771] "OTU_5118" "OTU_4124" "OTU_1778" "OTU_2412" "OTU_1049" "OTU_1300"
[4777] "OTU_1629" "OTU_2350" "OTU_4344" "OTU_3342" "OTU_1618" "OTU_972" 
[4783] "OTU_1355" "OTU_553"  "OTU_3878" "OTU_4732" "OTU_3947" "OTU_894" 
[4789] "OTU_3883" "OTU_1235" "OTU_4079" "OTU_1127" "OTU_3262" "OTU_2555"
[4795] "OTU_5421" "OTU_1549" "OTU_5297" "OTU_696"  "OTU_1457" "OTU_2954"
[4801] "OTU_1656" "OTU_3243" "OTU_1258" "OTU_4093" "OTU_2467" "OTU_635" 
[4807] "OTU_1473" "OTU_1083" "OTU_1852" "OTU_1688" "OTU_1916" "OTU_1790"
[4813] "OTU_2056" "OTU_4072" "OTU_1458" "OTU_3225" "OTU_1444" "OTU_1811"
[4819] "OTU_1596" "OTU_1633" "OTU_3831" "OTU_4660" "OTU_4760" "OTU_4639"
[4825] "OTU_4343" "OTU_1711" "OTU_4542" "OTU_1687" "OTU_2845" "OTU_2790"
[4831] "OTU_3140" "OTU_1303" "OTU_1734" "OTU_4288" "OTU_4254" "OTU_4396"
[4837] "OTU_5300" "OTU_4053" "OTU_5206" "OTU_1177" "OTU_755"  "OTU_4699"
[4843] "OTU_4194" "OTU_3027" "OTU_833"  "OTU_1841" "OTU_560"  "OTU_681" 
[4849] "OTU_3873" "OTU_4022" "OTU_1403" "OTU_1597" "OTU_4122" "OTU_3460"
[4855] "OTU_1738" "OTU_2355" "OTU_1423" "OTU_3405" "OTU_1537" "OTU_1689"
[4861] "OTU_4021" "OTU_3536" "OTU_5250" "OTU_1672" "OTU_797"  "OTU_4628"
[4867] "OTU_1770" "OTU_2752" "OTU_1344" "OTU_2582" "OTU_1810" "OTU_5267"
[4873] "OTU_652"  "OTU_5501" "OTU_3930" "OTU_4696" "OTU_4248" "OTU_5015"
[4879] "OTU_705"  "OTU_1975" "OTU_4449" "OTU_2846" "OTU_4098" "OTU_2977"
[4885] "OTU_4446" "OTU_4607" "OTU_730"  "OTU_3376" "OTU_612"  "OTU_1989"
[4891] "OTU_753"  "OTU_1479" "OTU_2725" "OTU_1851" "OTU_1266" "OTU_4019"
[4897] "OTU_3127" "OTU_2366" "OTU_1886" "OTU_3601" "OTU_5420" "OTU_5233"
[4903] "OTU_3790" "OTU_4889" "OTU_970"  "OTU_1705" "OTU_538"  "OTU_651" 
[4909] "OTU_2348" "OTU_2011" "OTU_5348" "OTU_3233" "OTU_1909" "OTU_1938"
[4915] "OTU_1382" "OTU_2639" "OTU_2996" "OTU_1873" "OTU_1577" "OTU_3246"
[4921] "OTU_816"  "OTU_607"  "OTU_3583" "OTU_3059" "OTU_2250" "OTU_4942"
[4927] "OTU_3514" "OTU_3851" "OTU_3377" "OTU_4483" "OTU_744"  "OTU_3970"
[4933] "OTU_2279" "OTU_4966" "OTU_506"  "OTU_1839" "OTU_1192" "OTU_3253"
[4939] "OTU_1187" "OTU_4940" "OTU_4174" "OTU_3908" "OTU_2956" "OTU_1316"
[4945] "OTU_952"  "OTU_3558" "OTU_5314" "OTU_3050" "OTU_2045" "OTU_1792"
[4951] "OTU_1193" "OTU_1413" "OTU_2206" "OTU_891"  "OTU_1960" "OTU_2795"
[4957] "OTU_2553" "OTU_4263" "OTU_1206" "OTU_5220" "OTU_3166" "OTU_3116"
[4963] "OTU_5189" "OTU_4355" "OTU_600"  "OTU_4499" "OTU_1891" "OTU_1253"
[4969] "OTU_4554" "OTU_1152" "OTU_1065" "OTU_1023" "OTU_3304" "OTU_2276"
[4975] "OTU_1547" "OTU_2871" "OTU_1376" "OTU_1132" "OTU_1517" "OTU_1923"
[4981] "OTU_1540" "OTU_1805" "OTU_1826" "OTU_1526" "OTU_1757" "OTU_4202"
[4987] "OTU_4304" "OTU_3716" "OTU_1538" "OTU_1137" "OTU_3764" "OTU_3480"
[4993] "OTU_4358" "OTU_4629" "OTU_2754" "OTU_807"  "OTU_1608" "OTU_1488"
[4999] "OTU_2369" "OTU_5322" "OTU_967"  "OTU_2765" "OTU_1317" "OTU_692" 
[5005] "OTU_3839" "OTU_769"  "OTU_3458" "OTU_2929" "OTU_2661" "OTU_4491"
[5011] "OTU_4896" "OTU_1642" "OTU_5019" "OTU_3735" "OTU_5261" "OTU_4501"
[5017] "OTU_3151" "OTU_2750"
[1] TRUE
[1] TRUE
[1] "Fri Dec 10 17:47:24 2021" "1"                       
[1] "Fri Dec 10 17:47:28 2021" "2"                       
[1] "Fri Dec 10 17:47:31 2021" "3"                       
[1] "Fri Dec 10 17:47:35 2021" "4"                       
[1] "Fri Dec 10 17:47:38 2021" "5"                       
[1] "Fri Dec 10 17:47:42 2021" "6"                       
[1] "Fri Dec 10 17:47:45 2021" "7"                       
[1] "Fri Dec 10 17:47:49 2021" "8"                       
[1] "Fri Dec 10 17:47:52 2021" "9"                       
[1] "Fri Dec 10 17:47:55 2021" "10"                      
[1] "Fri Dec 10 17:47:59 2021" "11"                      
[1] "Fri Dec 10 17:48:02 2021" "12"                      
[1] "Fri Dec 10 17:48:06 2021" "13"                      
[1] "Fri Dec 10 17:48:10 2021" "14"                      
[1] "Fri Dec 10 17:48:13 2021" "15"                      
[1] "Fri Dec 10 17:48:16 2021" "16"                      
[1] "Fri Dec 10 17:48:20 2021" "17"                      
[1] "Fri Dec 10 17:48:23 2021" "18"                      
[1] "Fri Dec 10 17:48:27 2021" "19"                      
[1] "Fri Dec 10 17:48:30 2021" "20"                      
[1] "Fri Dec 10 17:48:34 2021" "21"                      
[1] "Fri Dec 10 17:48:37 2021" "22"                      
[1] "Fri Dec 10 17:48:41 2021" "23"                      
[1] "Fri Dec 10 17:48:44 2021" "24"                      
[1] "Fri Dec 10 17:48:47 2021" "25"                      
[1] "Fri Dec 10 17:48:51 2021" "26"                      
[1] "Fri Dec 10 17:48:54 2021" "27"                      
[1] "Fri Dec 10 17:48:58 2021" "28"                      
[1] "Fri Dec 10 17:49:01 2021" "29"                      
[1] "Fri Dec 10 17:49:05 2021" "30"                      
[1] "Fri Dec 10 17:49:08 2021" "31"                      
[1] "Fri Dec 10 17:49:12 2021" "32"                      
[1] "Fri Dec 10 17:49:15 2021" "33"                      
[1] "Fri Dec 10 17:49:18 2021" "34"                      
[1] "Fri Dec 10 17:49:22 2021" "35"                      
[1] "Fri Dec 10 17:49:25 2021" "36"                      
[1] "Fri Dec 10 17:49:29 2021" "37"                      
[1] "Fri Dec 10 17:49:32 2021" "38"                      
[1] "Fri Dec 10 17:49:36 2021" "39"                      
[1] "Fri Dec 10 17:49:39 2021" "40"                      
[1] "Fri Dec 10 17:49:42 2021" "41"                      
[1] "Fri Dec 10 17:49:46 2021" "42"                      
[1] "Fri Dec 10 17:49:49 2021" "43"                      
[1] "Fri Dec 10 17:49:53 2021" "44"                      
[1] "Fri Dec 10 17:49:56 2021" "45"                      
[1] "Fri Dec 10 17:50:00 2021" "46"                      
[1] "Fri Dec 10 17:50:03 2021" "47"                      
[1] "Fri Dec 10 17:50:06 2021" "48"                      
[1] "Fri Dec 10 17:50:10 2021" "49"                      
[1] "Fri Dec 10 17:50:13 2021" "50"                      
[1] "Fri Dec 10 17:50:17 2021" "51"                      
[1] "Fri Dec 10 17:50:20 2021" "52"                      
[1] "Fri Dec 10 17:50:24 2021" "53"                      
[1] "Fri Dec 10 17:50:27 2021" "54"                      
[1] "Fri Dec 10 17:50:31 2021" "55"                      
[1] "Fri Dec 10 17:50:34 2021" "56"                      
[1] "Fri Dec 10 17:50:38 2021" "57"                      
[1] "Fri Dec 10 17:50:41 2021" "58"                      
[1] "Fri Dec 10 17:50:45 2021" "59"                      
[1] "Fri Dec 10 17:50:48 2021" "60"                      
[1] "Fri Dec 10 17:50:52 2021" "61"                      
[1] "Fri Dec 10 17:50:55 2021" "62"                      
[1] "Fri Dec 10 17:50:59 2021" "63"                      
[1] "Fri Dec 10 17:51:03 2021" "64"                      
[1] "Fri Dec 10 17:51:06 2021" "65"                      
[1] "Fri Dec 10 17:51:09 2021" "66"                      
[1] "Fri Dec 10 17:51:13 2021" "67"                      
[1] "Fri Dec 10 17:51:16 2021" "68"                      
[1] "Fri Dec 10 17:51:20 2021" "69"                      
[1] "Fri Dec 10 17:51:23 2021" "70"                      
[1] "Fri Dec 10 17:51:27 2021" "71"                      
[1] "Fri Dec 10 17:51:30 2021" "72"                      
[1] "Fri Dec 10 17:51:34 2021" "73"                      
[1] "Fri Dec 10 17:51:37 2021" "74"                      
[1] "Fri Dec 10 17:51:41 2021" "75"                      
[1] "Fri Dec 10 17:51:45 2021" "76"                      
[1] "Fri Dec 10 17:51:48 2021" "77"                      
[1] "Fri Dec 10 17:51:52 2021" "78"                      
[1] "Fri Dec 10 17:51:55 2021" "79"                      
[1] "Fri Dec 10 17:51:59 2021" "80"                      
[1] "Fri Dec 10 17:52:02 2021" "81"                      
[1] "Fri Dec 10 17:52:06 2021" "82"                      
[1] "Fri Dec 10 17:52:09 2021" "83"                      
[1] "Fri Dec 10 17:52:13 2021" "84"                      
[1] "Fri Dec 10 17:52:16 2021" "85"                      
[1] "Fri Dec 10 17:52:20 2021" "86"                      
[1] "Fri Dec 10 17:52:23 2021" "87"                      
[1] "Fri Dec 10 17:52:26 2021" "88"                      
[1] "Fri Dec 10 17:52:30 2021" "89"                      
[1] "Fri Dec 10 17:52:33 2021" "90"                      
[1] "Fri Dec 10 17:52:37 2021" "91"                      
[1] "Fri Dec 10 17:52:40 2021" "92"                      
[1] "Fri Dec 10 17:52:44 2021" "93"                      
[1] "Fri Dec 10 17:52:47 2021" "94"                      
[1] "Fri Dec 10 17:52:51 2021" "95"                      
[1] "Fri Dec 10 17:52:54 2021" "96"                      
[1] "Fri Dec 10 17:52:58 2021" "97"                      
[1] "Fri Dec 10 17:53:01 2021" "98"                      
[1] "Fri Dec 10 17:53:04 2021" "99"                      
[1] "Fri Dec 10 17:53:08 2021" "100"                     
[1] "Fri Dec 10 17:53:11 2021" "101"                     
[1] "Fri Dec 10 17:53:15 2021" "102"                     
[1] "Fri Dec 10 17:53:18 2021" "103"                     
[1] "Fri Dec 10 17:53:22 2021" "104"                     
[1] "Fri Dec 10 17:53:25 2021" "105"                     
[1] "Fri Dec 10 17:53:29 2021" "106"                     
[1] "Fri Dec 10 17:53:32 2021" "107"                     
[1] "Fri Dec 10 17:53:36 2021" "108"                     
[1] "Fri Dec 10 17:53:39 2021" "109"                     
[1] "Fri Dec 10 17:53:43 2021" "110"                     
[1] "Fri Dec 10 17:53:46 2021" "111"                     
[1] "Fri Dec 10 17:53:49 2021" "112"                     
[1] "Fri Dec 10 17:53:53 2021" "113"                     
[1] "Fri Dec 10 17:53:56 2021" "114"                     
[1] "Fri Dec 10 17:54:00 2021" "115"                     
[1] "Fri Dec 10 17:54:03 2021" "116"                     
[1] "Fri Dec 10 17:54:07 2021" "117"                     
[1] "Fri Dec 10 17:54:10 2021" "118"                     
[1] "Fri Dec 10 17:54:14 2021" "119"                     
[1] "Fri Dec 10 17:54:17 2021" "120"                     
[1] "Fri Dec 10 17:54:21 2021" "121"                     
[1] "Fri Dec 10 17:54:24 2021" "122"                     
[1] "Fri Dec 10 17:54:28 2021" "123"                     
[1] "Fri Dec 10 17:54:31 2021" "124"                     
[1] "Fri Dec 10 17:54:34 2021" "125"                     
[1] "Fri Dec 10 17:54:38 2021" "126"                     
[1] "Fri Dec 10 17:54:41 2021" "127"                     
[1] "Fri Dec 10 17:54:45 2021" "128"                     
[1] "Fri Dec 10 17:54:48 2021" "129"                     
[1] "Fri Dec 10 17:54:52 2021" "130"                     
[1] "Fri Dec 10 17:54:55 2021" "131"                     
[1] "Fri Dec 10 17:54:59 2021" "132"                     
[1] "Fri Dec 10 17:55:02 2021" "133"                     
[1] "Fri Dec 10 17:55:06 2021" "134"                     
[1] "Fri Dec 10 17:55:09 2021" "135"                     
[1] "Fri Dec 10 17:55:13 2021" "136"                     
[1] "Fri Dec 10 17:55:16 2021" "137"                     
[1] "Fri Dec 10 17:55:20 2021" "138"                     
[1] "Fri Dec 10 17:55:23 2021" "139"                     
[1] "Fri Dec 10 17:55:27 2021" "140"                     
[1] "Fri Dec 10 17:55:30 2021" "141"                     
[1] "Fri Dec 10 17:55:34 2021" "142"                     
[1] "Fri Dec 10 17:55:37 2021" "143"                     
[1] "Fri Dec 10 17:55:41 2021" "144"                     
[1] "Fri Dec 10 17:55:44 2021" "145"                     
[1] "Fri Dec 10 17:55:47 2021" "146"                     
[1] "Fri Dec 10 17:55:51 2021" "147"                     
[1] "Fri Dec 10 17:55:54 2021" "148"                     
[1] "Fri Dec 10 17:55:58 2021" "149"                     
[1] "Fri Dec 10 17:56:01 2021" "150"                     
[1] "Fri Dec 10 17:56:05 2021" "151"                     
[1] "Fri Dec 10 17:56:08 2021" "152"                     
[1] "Fri Dec 10 17:56:12 2021" "153"                     
[1] "Fri Dec 10 17:56:15 2021" "154"                     
[1] "Fri Dec 10 17:56:19 2021" "155"                     
[1] "Fri Dec 10 17:56:22 2021" "156"                     
[1] "Fri Dec 10 17:56:26 2021" "157"                     
[1] "Fri Dec 10 17:56:29 2021" "158"                     
[1] "Fri Dec 10 17:56:33 2021" "159"                     
[1] "Fri Dec 10 17:56:36 2021" "160"                     
[1] "Fri Dec 10 17:56:40 2021" "161"                     
[1] "Fri Dec 10 17:56:43 2021" "162"                     
[1] "Fri Dec 10 17:56:47 2021" "163"                     
[1] "Fri Dec 10 17:56:50 2021" "164"                     
[1] "Fri Dec 10 17:56:54 2021" "165"                     
[1] "Fri Dec 10 17:56:57 2021" "166"                     
[1] "Fri Dec 10 17:57:01 2021" "167"                     
[1] "Fri Dec 10 17:57:04 2021" "168"                     
[1] "Fri Dec 10 17:57:08 2021" "169"                     
[1] "Fri Dec 10 17:57:11 2021" "170"                     
[1] "Fri Dec 10 17:57:15 2021" "171"                     
[1] "Fri Dec 10 17:57:18 2021" "172"                     
[1] "Fri Dec 10 17:57:22 2021" "173"                     
[1] "Fri Dec 10 17:57:25 2021" "174"                     
[1] "Fri Dec 10 17:57:29 2021" "175"                     
[1] "Fri Dec 10 17:57:32 2021" "176"                     
[1] "Fri Dec 10 17:57:36 2021" "177"                     
[1] "Fri Dec 10 17:57:39 2021" "178"                     
[1] "Fri Dec 10 17:57:43 2021" "179"                     
[1] "Fri Dec 10 17:57:46 2021" "180"                     
[1] "Fri Dec 10 17:57:50 2021" "181"                     
[1] "Fri Dec 10 17:57:53 2021" "182"                     
[1] "Fri Dec 10 17:57:57 2021" "183"                     
[1] "Fri Dec 10 17:58:00 2021" "184"                     
[1] "Fri Dec 10 17:58:03 2021" "185"                     
[1] "Fri Dec 10 17:58:07 2021" "186"                     
[1] "Fri Dec 10 17:58:10 2021" "187"                     
[1] "Fri Dec 10 17:58:14 2021" "188"                     
[1] "Fri Dec 10 17:58:17 2021" "189"                     
[1] "Fri Dec 10 17:58:21 2021" "190"                     
[1] "Fri Dec 10 17:58:24 2021" "191"                     
[1] "Fri Dec 10 17:58:28 2021" "192"                     
[1] "Fri Dec 10 17:58:31 2021" "193"                     
[1] "Fri Dec 10 17:58:35 2021" "194"                     
[1] "Fri Dec 10 17:58:38 2021" "195"                     
[1] "Fri Dec 10 17:58:41 2021" "196"                     
[1] "Fri Dec 10 17:58:45 2021" "197"                     
[1] "Fri Dec 10 17:58:48 2021" "198"                     
[1] "Fri Dec 10 17:58:52 2021" "199"                     
[1] "Fri Dec 10 17:58:55 2021" "200"                     
[1] "Fri Dec 10 17:58:59 2021" "201"                     
[1] "Fri Dec 10 17:59:02 2021" "202"                     
[1] "Fri Dec 10 17:59:06 2021" "203"                     
[1] "Fri Dec 10 17:59:09 2021" "204"                     
[1] "Fri Dec 10 17:59:13 2021" "205"                     
[1] "Fri Dec 10 17:59:16 2021" "206"                     
[1] "Fri Dec 10 17:59:20 2021" "207"                     
[1] "Fri Dec 10 17:59:23 2021" "208"                     
[1] "Fri Dec 10 17:59:27 2021" "209"                     
[1] "Fri Dec 10 17:59:30 2021" "210"                     
